#
# A fatal error has been detected by the Java Runtime Environment:
#
#  EXCEPTION_ACCESS_VIOLATION (0xc0000005) at pc=0x6773b252, pid=3152, tid=2916
#
# JRE version: Java(TM) SE Runtime Environment (8.0_45-b15) (build 1.8.0_45-b15)
# Java VM: Java HotSpot(TM) Client VM (25.45-b02 mixed mode windows-x86 )
# Problematic frame:
# C  [nvd3dum.dll+0x29b252]
#
# Failed to write core dump. Minidumps are not enabled by default on client versions of Windows
#
# If you would like to submit a bug report, please visit:
#   http://bugreport.java.com/bugreport/crash.jsp
# The crash happened outside the Java Virtual Machine in native code.
# See problematic frame for where to report the bug.
#

---------------  T H R E A D  ---------------

Current thread (0x143f8400):  JavaThread "AWT-Windows" daemon [_thread_in_native, id=2916, stack(0x148c0000,0x14910000)]

siginfo: ExceptionCode=0xc0000005, writing address 0x004d8004

Registers:
EAX=0x004d8000, EBX=0x15269340, ECX=0x00000000, EDX=0x00000157
ESP=0x1490f098, EBP=0x1490f0a4, ESI=0x15269350, EDI=0x00001001
EIP=0x6773b252, EFLAGS=0x00010202

Top of Stack: (sp=0x1490f098)
0x1490f098:   151c0800 00000001 151c2f10 1490f0c4
0x1490f0a8:   676f11c6 15269340 151c0800 00000000
0x1490f0b8:   170f03f4 00000000 00000000 1490f0f0
0x1490f0c8:   677293c1 152317c0 152696c0 00000000
0x1490f0d8:   00000000 00000000 170f03f4 17030040
0x1490f0e8:   00000000 00000000 1490f118 68c87c49
0x1490f0f8:   151c0800 170f03f4 00000040 00000000
0x1490f108:   17030040 0000001f 00000000 00000130 

Instructions: (pc=0x6773b252)
0x6773b232:   60 85 01 00 8d 04 b0 8b b3 f0 00 00 00 8b 46 1c
0x6773b242:   57 8b 7e 28 8d 0c 7f 8d 04 c8 33 c9 47 89 7e 28
0x6773b252:   89 48 04 89 48 08 89 48 0c 89 48 10 89 48 14 89
0x6773b262:   08 8b 48 04 33 ca 81 e1 ff ff ff 00 31 48 04 8b 


Register to memory mapping:

EAX=0x004d8000 is an unknown value
EBX=0x15269340 is an unknown value
ECX=0x00000000 is an unknown value
EDX=0x00000157 is an unknown value
ESP=0x1490f098 is pointing into the stack for thread: 0x143f8400
EBP=0x1490f0a4 is pointing into the stack for thread: 0x143f8400
ESI=0x15269350 is an unknown value
EDI=0x00001001 is an unknown value


Stack: [0x148c0000,0x14910000],  sp=0x1490f098,  free space=316k
Native frames: (J=compiled Java code, j=interpreted, Vv=VM code, C=native code)
C  [nvd3dum.dll+0x29b252]
C  [nvd3dum.dll+0x2511c6]
C  [nvd3dum.dll+0x2893c1]
C  [d3d9.dll+0x117c49]
C  [d3d9.dll+0x11952a]
C  [d3d9.dll+0xb0f74]
C  [d3d9.dll+0x6aee7]
C  [d3d9.dll+0x362e2]
C  [d3d9.dll+0x36ad4]
C  [awt.dll+0x14b8f]

Java frames: (J=compiled Java code, j=interpreted, Vv=VM code)
j  sun.awt.windows.WToolkit.eventLoop()V+0
j  sun.awt.windows.WToolkit.run()V+58
j  java.lang.Thread.run()V+11
v  ~StubRoutines::call_stub

---------------  P R O C E S S  ---------------

Java Threads: ( => current thread )
  0x14ddc400 JavaThread "D3D Screen Updater" daemon [_thread_blocked, id=2604, stack(0x17d00000,0x17d50000)]
  0x14dbe800 JavaThread "Swing-Shell" daemon [_thread_blocked, id=172, stack(0x14fb0000,0x15000000)]
  0x14c31000 JavaThread "TimerQueue" daemon [_thread_blocked, id=616, stack(0x173d0000,0x17420000)]
  0x0192bc00 JavaThread "DestroyJavaVM" [_thread_blocked, id=2964, stack(0x01a30000,0x01a80000)]
  0x1445e000 JavaThread "AWT-EventQueue-0" [_thread_blocked, id=2928, stack(0x14810000,0x14860000)]
=>0x143f8400 JavaThread "AWT-Windows" daemon [_thread_in_native, id=2916, stack(0x148c0000,0x14910000)]
  0x143f7800 JavaThread "AWT-Shutdown" [_thread_blocked, id=3916, stack(0x14930000,0x14980000)]
  0x143f4c00 JavaThread "Java2D Disposer" daemon [_thread_in_native, id=4080, stack(0x14870000,0x148c0000)]
  0x142b1800 JavaThread "Service Thread" daemon [_thread_blocked, id=3836, stack(0x03d90000,0x03de0000)]
  0x142aac00 JavaThread "C1 CompilerThread0" daemon [_thread_blocked, id=3140, stack(0x14460000,0x144b0000)]
  0x142bc000 JavaThread "Attach Listener" daemon [_thread_blocked, id=1116, stack(0x146d0000,0x14720000)]
  0x142b9000 JavaThread "Signal Dispatcher" daemon [_thread_blocked, id=3908, stack(0x14680000,0x146d0000)]
  0x14275400 JavaThread "Finalizer" daemon [_thread_blocked, id=3592, stack(0x14620000,0x14670000)]
  0x1426f800 JavaThread "Reference Handler" daemon [_thread_blocked, id=3380, stack(0x019d0000,0x01a20000)]

Other Threads:
  0x1426d400 VMThread [stack: 0x144c0000,0x14510000] [id=3664]
  0x142b2800 WatcherThread [stack: 0x14770000,0x147c0000] [id=712]

VM state:not at safepoint (normal execution)

VM Mutex/Monitor currently owned by a thread: None

Heap:
 def new generation   total 4928K, used 310K [0x03e00000, 0x04350000, 0x09350000)
  eden space 4416K,   4% used [0x03e00000, 0x03e2d148, 0x04250000)
  from space 512K,  25% used [0x04250000, 0x04270718, 0x042d0000)
  to   space 512K,   0% used [0x042d0000, 0x042d0000, 0x04350000)
 tenured generation   total 10944K, used 4610K [0x09350000, 0x09e00000, 0x13e00000)
   the space 10944K,  42% used [0x09350000, 0x097d0840, 0x097d0a00, 0x09e00000)
 Metaspace       used 9393K, capacity 9589K, committed 9728K, reserved 10624K

Card table byte_map: [0x01300000,0x01390000] byte_map_base: 0x012e1000

Polling page: 0x001d0000

CodeCache: size=32768Kb used=2517Kb max_used=2517Kb free=30250Kb
 bounds [0x01d50000, 0x01fc8000, 0x03d50000]
 total_blobs=1635 nmethods=1389 adapters=177
 compilation: enabled

Compilation events (10 events):
Event: 99.560 Thread 0x142aac00 1393             sun.swing.MenuItemLayoutHelper::isColumnLayout (5 bytes)
Event: 99.560 Thread 0x142aac00 nmethod 1393 0x01fc3f88 code [0x01fc4080, 0x01fc4100]
Event: 99.689 Thread 0x142aac00 1394             sun.swing.MenuItemLayoutHelper::calcXPositionsRTL (71 bytes)
Event: 99.689 Thread 0x142aac00 nmethod 1394 0x01fc4148 code [0x01fc4240, 0x01fc4310]
Event: 99.803 Thread 0x142aac00 1395  s          javax.swing.RepaintManager::getPaintManager (107 bytes)
Event: 99.804 Thread 0x142aac00 nmethod 1395 0x01fc4408 code [0x01fc4580, 0x01fc4bd8]
Event: 99.915 Thread 0x142aac00 1396  s          sun.java2d.ScreenUpdateManager::getInstance (39 bytes)
Event: 99.916 Thread 0x142aac00 nmethod 1396 0x01fc4f88 code [0x01fc50a0, 0x01fc53dc]
Event: 99.925 Thread 0x142aac00 1397             javax.swing.JSlider::getUIClassID (3 bytes)
Event: 99.925 Thread 0x142aac00 nmethod 1397 0x01fc5548 code [0x01fc5640, 0x01fc56c0]

GC Heap History (10 events):
Event: 68.481 GC heap before
{Heap before GC invocations=15 (full 0):
 def new generation   total 4928K, used 4605K [0x03e00000, 0x04350000, 0x09350000)
  eden space 4416K, 100% used [0x03e00000, 0x04250000, 0x04250000)
  from space 512K,  37% used [0x042d0000, 0x042ff5d0, 0x04350000)
  to   space 512K,   0% used [0x04250000, 0x04250000, 0x042d0000)
 tenured generation   total 10944K, used 4552K [0x09350000, 0x09e00000, 0x13e00000)
   the space 10944K,  41% used [0x09350000, 0x097c2348, 0x097c2400, 0x09e00000)
 Metaspace       used 9392K, capacity 9589K, committed 9728K, reserved 10624K
Event: 68.484 GC heap after
Heap after GC invocations=16 (full 0):
 def new generation   total 4928K, used 196K [0x03e00000, 0x04350000, 0x09350000)
  eden space 4416K,   0% used [0x03e00000, 0x03e00000, 0x04250000)
  from space 512K,  38% used [0x04250000, 0x042810d8, 0x042d0000)
  to   space 512K,   0% used [0x042d0000, 0x042d0000, 0x04350000)
 tenured generation   total 10944K, used 4552K [0x09350000, 0x09e00000, 0x13e00000)
   the space 10944K,  41% used [0x09350000, 0x097c2348, 0x097c2400, 0x09e00000)
 Metaspace       used 9392K, capacity 9589K, committed 9728K, reserved 10624K
}
Event: 92.778 GC heap before
{Heap before GC invocations=16 (full 0):
 def new generation   total 4928K, used 4612K [0x03e00000, 0x04350000, 0x09350000)
  eden space 4416K, 100% used [0x03e00000, 0x04250000, 0x04250000)
  from space 512K,  38% used [0x04250000, 0x042810d8, 0x042d0000)
  to   space 512K,   0% used [0x042d0000, 0x042d0000, 0x04350000)
 tenured generation   total 10944K, used 4552K [0x09350000, 0x09e00000, 0x13e00000)
   the space 10944K,  41% used [0x09350000, 0x097c2348, 0x097c2400, 0x09e00000)
 Metaspace       used 9393K, capacity 9589K, committed 9728K, reserved 10624K
Event: 92.780 GC heap after
Heap after GC invocations=17 (full 0):
 def new generation   total 4928K, used 192K [0x03e00000, 0x04350000, 0x09350000)
  eden space 4416K,   0% used [0x03e00000, 0x03e00000, 0x04250000)
  from space 512K,  37% used [0x042d0000, 0x04300110, 0x04350000)
  to   space 512K,   0% used [0x04250000, 0x04250000, 0x042d0000)
 tenured generation   total 10944K, used 4552K [0x09350000, 0x09e00000, 0x13e00000)
   the space 10944K,  41% used [0x09350000, 0x097c2348, 0x097c2400, 0x09e00000)
 Metaspace       used 9393K, capacity 9589K, committed 9728K, reserved 10624K
}
Event: 99.247 GC heap before
{Heap before GC invocations=17 (full 0):
 def new generation   total 4928K, used 4608K [0x03e00000, 0x04350000, 0x09350000)
  eden space 4416K, 100% used [0x03e00000, 0x04250000, 0x04250000)
  from space 512K,  37% used [0x042d0000, 0x04300110, 0x04350000)
  to   space 512K,   0% used [0x04250000, 0x04250000, 0x042d0000)
 tenured generation   total 10944K, used 4552K [0x09350000, 0x09e00000, 0x13e00000)
   the space 10944K,  41% used [0x09350000, 0x097c2348, 0x097c2400, 0x09e00000)
 Metaspace       used 9393K, capacity 9589K, committed 9728K, reserved 10624K
Event: 99.249 GC heap after
Heap after GC invocations=18 (full 0):
 def new generation   total 4928K, used 135K [0x03e00000, 0x04350000, 0x09350000)
  eden space 4416K,   0% used [0x03e00000, 0x03e00000, 0x04250000)
  from space 512K,  26% used [0x04250000, 0x04271e08, 0x042d0000)
  to   space 512K,   0% used [0x042d0000, 0x042d0000, 0x04350000)
 tenured generation   total 10944K, used 4602K [0x09350000, 0x09e00000, 0x13e00000)
   the space 10944K,  42% used [0x09350000, 0x097ce980, 0x097cea00, 0x09e00000)
 Metaspace       used 9393K, capacity 9589K, committed 9728K, reserved 10624K
}
Event: 99.701 GC heap before
{Heap before GC invocations=18 (full 0):
 def new generation   total 4928K, used 4551K [0x03e00000, 0x04350000, 0x09350000)
  eden space 4416K, 100% used [0x03e00000, 0x04250000, 0x04250000)
  from space 512K,  26% used [0x04250000, 0x04271e08, 0x042d0000)
  to   space 512K,   0% used [0x042d0000, 0x042d0000, 0x04350000)
 tenured generation   total 10944K, used 4602K [0x09350000, 0x09e00000, 0x13e00000)
   the space 10944K,  42% used [0x09350000, 0x097ce980, 0x097cea00, 0x09e00000)
 Metaspace       used 9393K, capacity 9589K, committed 9728K, reserved 10624K
Event: 99.704 GC heap after
Heap after GC invocations=19 (full 0):
 def new generation   total 4928K, used 127K [0x03e00000, 0x04350000, 0x09350000)
  eden space 4416K,   0% used [0x03e00000, 0x03e00000, 0x04250000)
  from space 512K,  24% used [0x042d0000, 0x042eff80, 0x04350000)
  to   space 512K,   0% used [0x04250000, 0x04250000, 0x042d0000)
 tenured generation   total 10944K, used 4608K [0x09350000, 0x09e00000, 0x13e00000)
   the space 10944K,  42% used [0x09350000, 0x097d03b0, 0x097d0400, 0x09e00000)
 Metaspace       used 9393K, capacity 9589K, committed 9728K, reserved 10624K
}
Event: 100.175 GC heap before
{Heap before GC invocations=19 (full 0):
 def new generation   total 4928K, used 4543K [0x03e00000, 0x04350000, 0x09350000)
  eden space 4416K, 100% used [0x03e00000, 0x04250000, 0x04250000)
  from space 512K,  24% used [0x042d0000, 0x042eff80, 0x04350000)
  to   space 512K,   0% used [0x04250000, 0x04250000, 0x042d0000)
 tenured generation   total 10944K, used 4608K [0x09350000, 0x09e00000, 0x13e00000)
   the space 10944K,  42% used [0x09350000, 0x097d03b0, 0x097d0400, 0x09e00000)
 Metaspace       used 9393K, capacity 9589K, committed 9728K, reserved 10624K
Event: 100.177 GC heap after
Heap after GC invocations=20 (full 0):
 def new generation   total 4928K, used 129K [0x03e00000, 0x04350000, 0x09350000)
  eden space 4416K,   0% used [0x03e00000, 0x03e00000, 0x04250000)
  from space 512K,  25% used [0x04250000, 0x04270718, 0x042d0000)
  to   space 512K,   0% used [0x042d0000, 0x042d0000, 0x04350000)
 tenured generation   total 10944K, used 4610K [0x09350000, 0x09e00000, 0x13e00000)
   the space 10944K,  42% used [0x09350000, 0x097d0840, 0x097d0a00, 0x09e00000)
 Metaspace       used 9393K, capacity 9589K, committed 9728K, reserved 10624K
}

Deoptimization events (0 events):
No events

Internal exceptions (10 events):
Event: 0.280 Thread 0x0192bc00 Exception <a 'java/lang/ClassNotFoundException': javax/swing/JToolBarSeparator> (0x040b8c10) thrown at [C:\re\workspace\8-2-build-windows-i586-cygwin\jdk8u45\3627\hotspot\src\share\vm\classfile\systemDictionary.cpp, line 210]
Event: 0.280 Thread 0x0192bc00 Exception <a 'java/lang/ClassNotFoundException': ToolBarSeparator> (0x040b9018) thrown at [C:\re\workspace\8-2-build-windows-i586-cygwin\jdk8u45\3627\hotspot\src\share\vm\classfile\systemDictionary.cpp, line 210]
Event: 0.280 Thread 0x0192bc00 Exception <a 'java/lang/ClassNotFoundException': ToolTip> (0x040b9670) thrown at [C:\re\workspace\8-2-build-windows-i586-cygwin\jdk8u45\3627\hotspot\src\share\vm\classfile\systemDictionary.cpp, line 210]
Event: 0.281 Thread 0x0192bc00 Exception <a 'java/lang/ClassNotFoundException': Tree> (0x040ba108) thrown at [C:\re\workspace\8-2-build-windows-i586-cygwin\jdk8u45\3627\hotspot\src\share\vm\classfile\systemDictionary.cpp, line 210]
Event: 0.281 Thread 0x0192bc00 Exception <a 'java/lang/ClassNotFoundException': Tree> (0x040ba758) thrown at [C:\re\workspace\8-2-build-windows-i586-cygwin\jdk8u45\3627\hotspot\src\share\vm\classfile\systemDictionary.cpp, line 210]
Event: 0.281 Thread 0x0192bc00 Exception <a 'java/lang/ClassNotFoundException': javax/swing/JTreeCell> (0x040baa80) thrown at [C:\re\workspace\8-2-build-windows-i586-cygwin\jdk8u45\3627\hotspot\src\share\vm\classfile\systemDictionary.cpp, line 210]
Event: 0.281 Thread 0x0192bc00 Exception <a 'java/lang/ClassNotFoundException': TreeCell> (0x040bae78) thrown at [C:\re\workspace\8-2-build-windows-i586-cygwin\jdk8u45\3627\hotspot\src\share\vm\classfile\systemDictionary.cpp, line 210]
Event: 0.282 Thread 0x0192bc00 Exception <a 'java/lang/ClassNotFoundException': RootPane> (0x040bb7a0) thrown at [C:\re\workspace\8-2-build-windows-i586-cygwin\jdk8u45\3627\hotspot\src\share\vm\classfile\systemDictionary.cpp, line 210]
Event: 13.124 Thread 0x1445e000 Implicit null exception at 0x01f2643f to 0x01f27cbc
Event: 13.125 Thread 0x1445e000 Implicit null exception at 0x01f2643f to 0x01f27cbc

Events (10 events):
Event: 69.499 Executing VM operation: BulkRevokeBias
Event: 69.499 Executing VM operation: BulkRevokeBias done
Event: 92.778 Executing VM operation: GenCollectForAllocation
Event: 92.781 Executing VM operation: GenCollectForAllocation done
Event: 99.247 Executing VM operation: GenCollectForAllocation
Event: 99.249 Executing VM operation: GenCollectForAllocation done
Event: 99.701 Executing VM operation: GenCollectForAllocation
Event: 99.704 Executing VM operation: GenCollectForAllocation done
Event: 100.175 Executing VM operation: GenCollectForAllocation
Event: 100.177 Executing VM operation: GenCollectForAllocation done


Dynamic libraries:
0x00040000 - 0x00073000 	C:\Program Files\Java\jdk1.8.0_45\bin\java.exe
0x77610000 - 0x7774c000 	C:\Windows\SYSTEM32\ntdll.dll
0x76ee0000 - 0x76fb4000 	C:\Windows\system32\kernel32.dll
0x75830000 - 0x7587a000 	C:\Windows\system32\KERNELBASE.dll
0x77360000 - 0x77400000 	C:\Windows\system32\ADVAPI32.dll
0x76c70000 - 0x76d1c000 	C:\Windows\system32\msvcrt.dll
0x77790000 - 0x777a9000 	C:\Windows\SYSTEM32\sechost.dll
0x77400000 - 0x774a1000 	C:\Windows\system32\RPCRT4.dll
0x76fc0000 - 0x77089000 	C:\Windows\system32\USER32.dll
0x75b80000 - 0x75bce000 	C:\Windows\system32\GDI32.dll
0x76b30000 - 0x76b3a000 	C:\Windows\system32\LPK.dll
0x76bd0000 - 0x76c6d000 	C:\Windows\system32\USP10.dll
0x74710000 - 0x748ae000 	C:\Windows\WinSxS\x86_microsoft.windows.common-controls_6595b64144ccf1df_6.0.7601.17514_none_41e6975e2bd6f2b2\COMCTL32.dll
0x77230000 - 0x77287000 	C:\Windows\system32\SHLWAPI.dll
0x75d60000 - 0x75d7f000 	C:\Windows\system32\IMM32.DLL
0x77290000 - 0x7735c000 	C:\Windows\system32\MSCTF.dll
0x71c20000 - 0x71cdf000 	C:\Program Files\Java\jdk1.8.0_45\jre\bin\msvcr100.dll
0x69fd0000 - 0x6a390000 	C:\Program Files\Java\jdk1.8.0_45\jre\bin\client\jvm.dll
0x74d60000 - 0x74d67000 	C:\Windows\system32\WSOCK32.dll
0x75b40000 - 0x75b75000 	C:\Windows\system32\WS2_32.dll
0x75bd0000 - 0x75bd6000 	C:\Windows\system32\NSI.dll
0x740a0000 - 0x740d2000 	C:\Windows\system32\WINMM.dll
0x74d70000 - 0x74d79000 	C:\Windows\system32\VERSION.dll
0x77780000 - 0x77785000 	C:\Windows\system32\PSAPI.DLL
0x71bd0000 - 0x71bdc000 	C:\Program Files\Java\jdk1.8.0_45\jre\bin\verify.dll
0x69fa0000 - 0x69fc1000 	C:\Program Files\Java\jdk1.8.0_45\jre\bin\java.dll
0x69f80000 - 0x69f93000 	C:\Program Files\Java\jdk1.8.0_45\jre\bin\zip.dll
0x75ee0000 - 0x76b2a000 	C:\Windows\system32\SHELL32.dll
0x75d80000 - 0x75edc000 	C:\Windows\system32\ole32.dll
0x757b0000 - 0x757bb000 	C:\Windows\system32\profapi.dll
0x69e10000 - 0x69f55000 	C:\Program Files\Java\jdk1.8.0_45\jre\bin\awt.dll
0x75ab0000 - 0x75b3f000 	C:\Windows\system32\OLEAUT32.dll
0x74360000 - 0x743a0000 	C:\Windows\system32\uxtheme.dll
0x73e80000 - 0x73e93000 	C:\Windows\system32\dwmapi.dll
0x75730000 - 0x7573c000 	C:\Windows\system32\CRYPTBASE.dll
0x69dd0000 - 0x69e09000 	C:\Program Files\Java\jdk1.8.0_45\jre\bin\fontmanager.dll
0x68b70000 - 0x68d33000 	C:\Windows\system32\d3d9.dll
0x73b80000 - 0x73b86000 	C:\Windows\system32\d3d8thk.dll
0x674a0000 - 0x67c03000 	C:\Windows\system32\nvd3dum.dll
0x743e0000 - 0x74405000 	C:\Windows\system32\powrprof.dll
0x77090000 - 0x7722d000 	C:\Windows\system32\SETUPAPI.dll
0x759a0000 - 0x759c7000 	C:\Windows\system32\CFGMGR32.dll
0x75a90000 - 0x75aa2000 	C:\Windows\system32\DEVOBJ.dll
0x69f60000 - 0x69f75000 	C:\Program Files\Java\jdk1.8.0_45\jre\bin\net.dll
0x75220000 - 0x7525c000 	C:\Windows\system32\mswsock.dll
0x75210000 - 0x75216000 	C:\Windows\System32\wship6.dll
0x72320000 - 0x7232f000 	C:\Program Files\Java\jdk1.8.0_45\jre\bin\nio.dll
0x69da0000 - 0x69dd0000 	C:\Program Files\Java\jdk1.8.0_45\jre\bin\t2k.dll
0x74cd0000 - 0x74d54000 	C:\Windows\WinSxS\x86_microsoft.windows.common-controls_6595b64144ccf1df_5.82.7601.17514_none_ec83dffa859149af\comctl32.dll
0x76b40000 - 0x76bc3000 	C:\Windows\system32\CLBCatQ.DLL
0x74490000 - 0x74585000 	C:\Windows\system32\propsys.dll
0x73fc0000 - 0x73fe1000 	C:\Windows\system32\ntmarta.dll
0x774b0000 - 0x774f5000 	C:\Windows\system32\WLDAP32.dll
0x756e0000 - 0x7572c000 	C:\Windows\system32\apphelp.dll
0x6e440000 - 0x6e5d8000 	C:\Windows\system32\NetworkExplorer.dll
0x6f640000 - 0x6f66e000 	C:\Windows\System32\shdocvw.dll
0x73de0000 - 0x73dea000 	C:\Windows\system32\slc.dll
0x71970000 - 0x71982000 	C:\Windows\system32\MPR.dll
0x71960000 - 0x71968000 	C:\Windows\System32\drprov.dll
0x74ed0000 - 0x74ef9000 	C:\Windows\System32\WINSTA.dll
0x71940000 - 0x71954000 	C:\Windows\System32\ntlanman.dll
0x71910000 - 0x71927000 	C:\Windows\System32\davclnt.dll
0x71900000 - 0x71908000 	C:\Windows\System32\DAVHLPR.dll
0x74d80000 - 0x74d8f000 	C:\Windows\system32\wkscli.dll
0x718f0000 - 0x718fb000 	C:\Windows\system32\cscapi.dll
0x74d90000 - 0x74d99000 	C:\Windows\system32\netutils.dll
0x68fb0000 - 0x691e8000 	C:\Windows\system32\wpdshext.dll
0x741d0000 - 0x74360000 	C:\Windows\WinSxS\x86_microsoft.windows.gdiplus_6595b64144ccf1df_1.1.7601.17514_none_72d18a4386696c80\gdiplus.dll
0x6b4f0000 - 0x6b579000 	C:\Windows\system32\PortableDeviceApi.dll
0x75a60000 - 0x75a8d000 	C:\Windows\system32\WINTRUST.dll
0x75880000 - 0x7599d000 	C:\Windows\system32\CRYPT32.dll
0x75820000 - 0x7582c000 	C:\Windows\system32\MSASN1.dll
0x73c00000 - 0x73c3f000 	C:\Windows\system32\audiodev.dll
0x68d40000 - 0x68fa7000 	C:\Windows\system32\WMVCore.DLL
0x73bc0000 - 0x73bfd000 	C:\Windows\system32\WMASF.DLL
0x6fb00000 - 0x6fb31000 	C:\Windows\system32\EhStorShell.dll
0x73b90000 - 0x73bb2000 	C:\Windows\system32\EhStorAPI.dll
0x6f630000 - 0x6f639000 	C:\Windows\system32\LINKINFO.dll
0x69d70000 - 0x69d94000 	C:\Program Files\Java\jdk1.8.0_45\jre\bin\dcpr.dll
0x73cb0000 - 0x73dab000 	C:\Windows\system32\WindowsCodecs.dll
0x6fa90000 - 0x6fb00000 	C:\Windows\system32\ntshrui.dll
0x75630000 - 0x75649000 	C:\Windows\system32\srvcli.dll
0x71770000 - 0x7185b000 	C:\Windows\system32\dbghelp.dll

VM Arguments:
jvm_args: -Dfile.encoding=UTF-8 
java_command: codigo.VentanaDibujo
java_class_path (initial): D:\Proyectos Netbeans\Paint - Carlos Hernández\build\classes
Launcher Type: SUN_STANDARD

Environment Variables:
PATH=C:\ProgramData\Oracle\Java\javapath;C:\Windows\system32;C:\Windows;C:\Windows\System32\Wbem;C:\Windows\System32\WindowsPowerShell\v1.0\;C:\Program Files\Microsoft SQL Server\110\Tools\Binn\;C:\Program Files\Microsoft\Web Platform Installer\;C:\Program Files\MySQL\MySQL Fabric 1.5 & MySQL Utilities 1.5\;C:\Program Files\MySQL\MySQL Fabric 1.5 & MySQL Utilities 1.5\Doctrine extensions for PHP\
USERNAME=Administrator
OS=Windows_NT
PROCESSOR_IDENTIFIER=x86 Family 6 Model 23 Stepping 6, GenuineIntel



---------------  S Y S T E M  ---------------

OS: Windows 7 Build 7601 (6.1.7601.17514)

CPU:total 2 (2 cores per cpu, 1 threads per core) family 6 model 23 stepping 6, cmov, cx8, fxsr, mmx, sse, sse2, sse3, ssse3, sse4.1, tsc

Memory: 4k page, physical 2096508k(982552k free), swap 4193016k(2445732k free)

vm_info: Java HotSpot(TM) Client VM (25.45-b02) for windows-x86 JRE (1.8.0_45-b15), built on Apr 30 2015 12:31:00 by "java_re" with MS VC++ 10.0 (VS2010)

time: Wed Mar 02 18:14:30 2016
elapsed time: 100 seconds (0d 0h 1m 40s)

