#
# A fatal error has been detected by the Java Runtime Environment:
#
#  EXCEPTION_ACCESS_VIOLATION (0xc0000005) at pc=0x684cb252, pid=3592, tid=2792
#
# JRE version: Java(TM) SE Runtime Environment (8.0_45-b15) (build 1.8.0_45-b15)
# Java VM: Java HotSpot(TM) Client VM (25.45-b02 mixed mode windows-x86 )
# Problematic frame:
# C  [nvd3dum.dll+0x29b252]
#
# Failed to write core dump. Minidumps are not enabled by default on client versions of Windows
#
# If you would like to submit a bug report, please visit:
#   http://bugreport.java.com/bugreport/crash.jsp
# The crash happened outside the Java Virtual Machine in native code.
# See problematic frame for where to report the bug.
#

---------------  T H R E A D  ---------------

Current thread (0x1428a800):  JavaThread "AWT-Windows" daemon [_thread_in_native, id=2792, stack(0x149a0000,0x149f0000)]

siginfo: ExceptionCode=0xc0000005, writing address 0x012b8004

Registers:
EAX=0x012b8000, EBX=0x15469340, ECX=0x00000000, EDX=0x0000015a
ESP=0x149ef3d8, EBP=0x149ef3e4, ESI=0x15469350, EDI=0x00001001
EIP=0x684cb252, EFLAGS=0x00010202

Top of Stack: (sp=0x149ef3d8)
0x149ef3d8:   153c0800 00000004 153c2f4c 149ef404
0x149ef3e8:   684811c6 15469340 153c0800 00000000
0x149ef3f8:   17230410 00000000 00000000 149ef430
0x149ef408:   684b93c1 154317c0 154696c0 00000000
0x149ef418:   00000000 00000000 17230410 17230040
0x149ef428:   00000000 00000000 149ef458 68ab7c49
0x149ef438:   153c0800 17230410 00000040 00000000
0x149ef448:   17230040 0000001f 00000000 00000190 

Instructions: (pc=0x684cb252)
0x684cb232:   60 85 01 00 8d 04 b0 8b b3 f0 00 00 00 8b 46 1c
0x684cb242:   57 8b 7e 28 8d 0c 7f 8d 04 c8 33 c9 47 89 7e 28
0x684cb252:   89 48 04 89 48 08 89 48 0c 89 48 10 89 48 14 89
0x684cb262:   08 8b 48 04 33 ca 81 e1 ff ff ff 00 31 48 04 8b 


Register to memory mapping:

EAX=0x012b8000 is an unknown value
EBX=0x15469340 is an unknown value
ECX=0x00000000 is an unknown value
EDX=0x0000015a is an unknown value
ESP=0x149ef3d8 is pointing into the stack for thread: 0x1428a800
EBP=0x149ef3e4 is pointing into the stack for thread: 0x1428a800
ESI=0x15469350 is an unknown value
EDI=0x00001001 is an unknown value


Stack: [0x149a0000,0x149f0000],  sp=0x149ef3d8,  free space=316k
Native frames: (J=compiled Java code, j=interpreted, Vv=VM code, C=native code)
C  [nvd3dum.dll+0x29b252]
C  [nvd3dum.dll+0x2511c6]
C  [nvd3dum.dll+0x2893c1]
C  [d3d9.dll+0x117c49]
C  [d3d9.dll+0x11952a]
C  [d3d9.dll+0xb0f74]
C  [d3d9.dll+0x6aee7]
C  [d3d9.dll+0x362e2]
C  [d3d9.dll+0x36ad4]
C  [awt.dll+0x14b8f]

Java frames: (J=compiled Java code, j=interpreted, Vv=VM code)
j  sun.awt.windows.WToolkit.eventLoop()V+0
j  sun.awt.windows.WToolkit.run()V+58
j  java.lang.Thread.run()V+11
v  ~StubRoutines::call_stub

---------------  P R O C E S S  ---------------

Java Threads: ( => current thread )
  0x14d49c00 JavaThread "D3D Screen Updater" daemon [_thread_blocked, id=3920, stack(0x17d90000,0x17de0000)]
  0x14d2d000 JavaThread "Swing-Shell" daemon [_thread_blocked, id=3620, stack(0x150e0000,0x15130000)]
  0x14ba2400 JavaThread "TimerQueue" daemon [_thread_blocked, id=2804, stack(0x15160000,0x151b0000)]
  0x0013bc00 JavaThread "DestroyJavaVM" [_thread_blocked, id=2724, stack(0x018d0000,0x01920000)]
  0x14b16400 JavaThread "AWT-EventQueue-0" [_thread_blocked, id=1888, stack(0x15030000,0x15080000)]
=>0x1428a800 JavaThread "AWT-Windows" daemon [_thread_in_native, id=2792, stack(0x149a0000,0x149f0000)]
  0x14287800 JavaThread "AWT-Shutdown" [_thread_blocked, id=2572, stack(0x14890000,0x148e0000)]
  0x14284c00 JavaThread "Java2D Disposer" daemon [_thread_in_native, id=1556, stack(0x148f0000,0x14940000)]
  0x1413c400 JavaThread "Service Thread" daemon [_thread_blocked, id=3632, stack(0x14530000,0x14580000)]
  0x1413ac00 JavaThread "C1 CompilerThread0" daemon [_thread_blocked, id=2936, stack(0x14780000,0x147d0000)]
  0x1414c000 JavaThread "Attach Listener" daemon [_thread_blocked, id=428, stack(0x144a0000,0x144f0000)]
  0x14149000 JavaThread "Signal Dispatcher" daemon [_thread_blocked, id=3596, stack(0x14630000,0x14680000)]
  0x14105400 JavaThread "Finalizer" daemon [_thread_blocked, id=3440, stack(0x14590000,0x145e0000)]
  0x140ff800 JavaThread "Reference Handler" daemon [_thread_blocked, id=1868, stack(0x14330000,0x14380000)]

Other Threads:
  0x140fd400 VMThread [stack: 0x14410000,0x14460000] [id=4076]
  0x14140000 WatcherThread [stack: 0x143c0000,0x14410000] [id=2712]

VM state:not at safepoint (normal execution)

VM Mutex/Monitor currently owned by a thread: None

Heap:
 def new generation   total 4928K, used 219K [0x03c00000, 0x04150000, 0x09150000)
  eden space 4416K,   4% used [0x03c00000, 0x03c2d0c0, 0x04050000)
  from space 512K,   7% used [0x04050000, 0x04059c90, 0x040d0000)
  to   space 512K,   0% used [0x040d0000, 0x040d0000, 0x04150000)
 tenured generation   total 10944K, used 4613K [0x09150000, 0x09c00000, 0x13c00000)
   the space 10944K,  42% used [0x09150000, 0x095d1528, 0x095d1600, 0x09c00000)
 Metaspace       used 9262K, capacity 9453K, committed 9600K, reserved 9600K

Card table byte_map: [0x13c00000,0x13c90000] byte_map_base: 0x13be2000

Polling page: 0x00120000

CodeCache: size=32768Kb used=2253Kb max_used=2253Kb free=30514Kb
 bounds [0x01bf0000, 0x01e28000, 0x03bf0000]
 total_blobs=1525 nmethods=1283 adapters=173
 compilation: enabled

Compilation events (10 events):
Event: 36.764 Thread 0x1413ac00 1285             sun.reflect.UnsafeBooleanFieldAccessorImpl::getBoolean (17 bytes)
Event: 36.765 Thread 0x1413ac00 nmethod 1285 0x01e227c8 code [0x01e22900, 0x01e22ad0]
Event: 37.018 Thread 0x1413ac00 1287             sun.java2d.d3d.D3DSurfaceData$D3DWindowSurfaceData::isDirty (18 bytes)
Event: 37.018 Thread 0x1413ac00 nmethod 1287 0x01e22d48 code [0x01e22e50, 0x01e22efc]
Event: 37.481 Thread 0x1413ac00 1288             java.awt.EventQueue::coalesceMouseEvent (44 bytes)
Event: 37.481 Thread 0x1413ac00 nmethod 1288 0x01e22f48 code [0x01e23060, 0x01e231ac]
Event: 37.929 Thread 0x1413ac00 1289             java.awt.Toolkit::getEventQueue (7 bytes)
Event: 37.929 Thread 0x1413ac00 nmethod 1289 0x01e23348 code [0x01e23470, 0x01e236e4]
Event: 38.596 Thread 0x1413ac00 1290             javax.swing.JPanel::getUIClassID (3 bytes)
Event: 38.596 Thread 0x1413ac00 nmethod 1290 0x01e23848 code [0x01e23940, 0x01e239c0]

GC Heap History (10 events):
Event: 31.435 GC heap before
{Heap before GC invocations=17 (full 0):
 def new generation   total 4928K, used 4519K [0x03c00000, 0x04150000, 0x09150000)
  eden space 4416K, 100% used [0x03c00000, 0x04050000, 0x04050000)
  from space 512K,  20% used [0x040d0000, 0x040e9c18, 0x04150000)
  to   space 512K,   0% used [0x04050000, 0x04050000, 0x040d0000)
 tenured generation   total 10944K, used 4552K [0x09150000, 0x09c00000, 0x13c00000)
   the space 10944K,  41% used [0x09150000, 0x095c2348, 0x095c2400, 0x09c00000)
 Metaspace       used 9262K, capacity 9453K, committed 9600K, reserved 9600K
Event: 31.437 GC heap after
Heap after GC invocations=18 (full 0):
 def new generation   total 4928K, used 49K [0x03c00000, 0x04150000, 0x09150000)
  eden space 4416K,   0% used [0x03c00000, 0x03c00000, 0x04050000)
  from space 512K,   9% used [0x04050000, 0x0405c7f0, 0x040d0000)
  to   space 512K,   0% used [0x040d0000, 0x040d0000, 0x04150000)
 tenured generation   total 10944K, used 4604K [0x09150000, 0x09c00000, 0x13c00000)
   the space 10944K,  42% used [0x09150000, 0x095cf310, 0x095cf400, 0x09c00000)
 Metaspace       used 9262K, capacity 9453K, committed 9600K, reserved 9600K
}
Event: 34.901 GC heap before
{Heap before GC invocations=18 (full 0):
 def new generation   total 4928K, used 4465K [0x03c00000, 0x04150000, 0x09150000)
  eden space 4416K, 100% used [0x03c00000, 0x04050000, 0x04050000)
  from space 512K,   9% used [0x04050000, 0x0405c7f0, 0x040d0000)
  to   space 512K,   0% used [0x040d0000, 0x040d0000, 0x04150000)
 tenured generation   total 10944K, used 4604K [0x09150000, 0x09c00000, 0x13c00000)
   the space 10944K,  42% used [0x09150000, 0x095cf310, 0x095cf400, 0x09c00000)
 Metaspace       used 9262K, capacity 9453K, committed 9600K, reserved 9600K
Event: 34.902 GC heap after
Heap after GC invocations=19 (full 0):
 def new generation   total 4928K, used 46K [0x03c00000, 0x04150000, 0x09150000)
  eden space 4416K,   0% used [0x03c00000, 0x03c00000, 0x04050000)
  from space 512K,   9% used [0x040d0000, 0x040dbb98, 0x04150000)
  to   space 512K,   0% used [0x04050000, 0x04050000, 0x040d0000)
 tenured generation   total 10944K, used 4611K [0x09150000, 0x09c00000, 0x13c00000)
   the space 10944K,  42% used [0x09150000, 0x095d0e20, 0x095d1000, 0x09c00000)
 Metaspace       used 9262K, capacity 9453K, committed 9600K, reserved 9600K
}
Event: 35.266 GC heap before
{Heap before GC invocations=19 (full 0):
 def new generation   total 4928K, used 4462K [0x03c00000, 0x04150000, 0x09150000)
  eden space 4416K, 100% used [0x03c00000, 0x04050000, 0x04050000)
  from space 512K,   9% used [0x040d0000, 0x040dbb98, 0x04150000)
  to   space 512K,   0% used [0x04050000, 0x04050000, 0x040d0000)
 tenured generation   total 10944K, used 4611K [0x09150000, 0x09c00000, 0x13c00000)
   the space 10944K,  42% used [0x09150000, 0x095d0e20, 0x095d1000, 0x09c00000)
 Metaspace       used 9262K, capacity 9453K, committed 9600K, reserved 9600K
Event: 35.268 GC heap after
Heap after GC invocations=20 (full 0):
 def new generation   total 4928K, used 54K [0x03c00000, 0x04150000, 0x09150000)
  eden space 4416K,   0% used [0x03c00000, 0x03c00000, 0x04050000)
  from space 512K,  10% used [0x04050000, 0x0405d910, 0x040d0000)
  to   space 512K,   0% used [0x040d0000, 0x040d0000, 0x04150000)
 tenured generation   total 10944K, used 4612K [0x09150000, 0x09c00000, 0x13c00000)
   the space 10944K,  42% used [0x09150000, 0x095d12b0, 0x095d1400, 0x09c00000)
 Metaspace       used 9262K, capacity 9453K, committed 9600K, reserved 9600K
}
Event: 36.906 GC heap before
{Heap before GC invocations=20 (full 0):
 def new generation   total 4928K, used 4470K [0x03c00000, 0x04150000, 0x09150000)
  eden space 4416K, 100% used [0x03c00000, 0x04050000, 0x04050000)
  from space 512K,  10% used [0x04050000, 0x0405d910, 0x040d0000)
  to   space 512K,   0% used [0x040d0000, 0x040d0000, 0x04150000)
 tenured generation   total 10944K, used 4612K [0x09150000, 0x09c00000, 0x13c00000)
   the space 10944K,  42% used [0x09150000, 0x095d12b0, 0x095d1400, 0x09c00000)
 Metaspace       used 9262K, capacity 9453K, committed 9600K, reserved 9600K
Event: 36.908 GC heap after
Heap after GC invocations=21 (full 0):
 def new generation   total 4928K, used 39K [0x03c00000, 0x04150000, 0x09150000)
  eden space 4416K,   0% used [0x03c00000, 0x03c00000, 0x04050000)
  from space 512K,   7% used [0x040d0000, 0x040d9c28, 0x04150000)
  to   space 512K,   0% used [0x04050000, 0x04050000, 0x040d0000)
 tenured generation   total 10944K, used 4613K [0x09150000, 0x09c00000, 0x13c00000)
   the space 10944K,  42% used [0x09150000, 0x095d1470, 0x095d1600, 0x09c00000)
 Metaspace       used 9262K, capacity 9453K, committed 9600K, reserved 9600K
}
Event: 38.745 GC heap before
{Heap before GC invocations=21 (full 0):
 def new generation   total 4928K, used 4455K [0x03c00000, 0x04150000, 0x09150000)
  eden space 4416K, 100% used [0x03c00000, 0x04050000, 0x04050000)
  from space 512K,   7% used [0x040d0000, 0x040d9c28, 0x04150000)
  to   space 512K,   0% used [0x04050000, 0x04050000, 0x040d0000)
 tenured generation   total 10944K, used 4613K [0x09150000, 0x09c00000, 0x13c00000)
   the space 10944K,  42% used [0x09150000, 0x095d1470, 0x095d1600, 0x09c00000)
 Metaspace       used 9262K, capacity 9453K, committed 9600K, reserved 9600K
Event: 38.746 GC heap after
Heap after GC invocations=22 (full 0):
 def new generation   total 4928K, used 39K [0x03c00000, 0x04150000, 0x09150000)
  eden space 4416K,   0% used [0x03c00000, 0x03c00000, 0x04050000)
  from space 512K,   7% used [0x04050000, 0x04059c90, 0x040d0000)
  to   space 512K,   0% used [0x040d0000, 0x040d0000, 0x04150000)
 tenured generation   total 10944K, used 4613K [0x09150000, 0x09c00000, 0x13c00000)
   the space 10944K,  42% used [0x09150000, 0x095d1528, 0x095d1600, 0x09c00000)
 Metaspace       used 9262K, capacity 9453K, committed 9600K, reserved 9600K
}

Deoptimization events (0 events):
No events

Internal exceptions (10 events):
Event: 0.260 Thread 0x0013bc00 Exception <a 'java/lang/ClassNotFoundException': ToolBar> (0x03eb88f0) thrown at [C:\re\workspace\8-2-build-windows-i586-cygwin\jdk8u45\3627\hotspot\src\share\vm\classfile\systemDictionary.cpp, line 210]
Event: 0.260 Thread 0x0013bc00 Exception <a 'java/lang/ClassNotFoundException': ToggleButton> (0x03eb8de8) thrown at [C:\re\workspace\8-2-build-windows-i586-cygwin\jdk8u45\3627\hotspot\src\share\vm\classfile\systemDictionary.cpp, line 210]
Event: 0.260 Thread 0x0013bc00 Exception <a 'java/lang/ClassNotFoundException': javax/swing/JToolBarSeparator> (0x03eb91a0) thrown at [C:\re\workspace\8-2-build-windows-i586-cygwin\jdk8u45\3627\hotspot\src\share\vm\classfile\systemDictionary.cpp, line 210]
Event: 0.260 Thread 0x0013bc00 Exception <a 'java/lang/ClassNotFoundException': ToolBarSeparator> (0x03eb95a8) thrown at [C:\re\workspace\8-2-build-windows-i586-cygwin\jdk8u45\3627\hotspot\src\share\vm\classfile\systemDictionary.cpp, line 210]
Event: 0.260 Thread 0x0013bc00 Exception <a 'java/lang/ClassNotFoundException': ToolTip> (0x03eb9c00) thrown at [C:\re\workspace\8-2-build-windows-i586-cygwin\jdk8u45\3627\hotspot\src\share\vm\classfile\systemDictionary.cpp, line 210]
Event: 0.261 Thread 0x0013bc00 Exception <a 'java/lang/ClassNotFoundException': Tree> (0x03eba698) thrown at [C:\re\workspace\8-2-build-windows-i586-cygwin\jdk8u45\3627\hotspot\src\share\vm\classfile\systemDictionary.cpp, line 210]
Event: 0.261 Thread 0x0013bc00 Exception <a 'java/lang/ClassNotFoundException': Tree> (0x03ebad08) thrown at [C:\re\workspace\8-2-build-windows-i586-cygwin\jdk8u45\3627\hotspot\src\share\vm\classfile\systemDictionary.cpp, line 210]
Event: 0.261 Thread 0x0013bc00 Exception <a 'java/lang/ClassNotFoundException': javax/swing/JTreeCell> (0x03ebaff0) thrown at [C:\re\workspace\8-2-build-windows-i586-cygwin\jdk8u45\3627\hotspot\src\share\vm\classfile\systemDictionary.cpp, line 210]
Event: 0.261 Thread 0x0013bc00 Exception <a 'java/lang/ClassNotFoundException': TreeCell> (0x03ebb3e8) thrown at [C:\re\workspace\8-2-build-windows-i586-cygwin\jdk8u45\3627\hotspot\src\share\vm\classfile\systemDictionary.cpp, line 210]
Event: 0.262 Thread 0x0013bc00 Exception <a 'java/lang/ClassNotFoundException': RootPane> (0x03ebbd10) thrown at [C:\re\workspace\8-2-build-windows-i586-cygwin\jdk8u45\3627\hotspot\src\share\vm\classfile\systemDictionary.cpp, line 210]

Events (10 events):
Event: 31.435 Executing VM operation: GenCollectForAllocation
Event: 31.437 Executing VM operation: GenCollectForAllocation done
Event: 34.901 Executing VM operation: GenCollectForAllocation
Event: 34.902 Executing VM operation: GenCollectForAllocation done
Event: 35.266 Executing VM operation: GenCollectForAllocation
Event: 35.268 Executing VM operation: GenCollectForAllocation done
Event: 36.906 Executing VM operation: GenCollectForAllocation
Event: 36.908 Executing VM operation: GenCollectForAllocation done
Event: 38.745 Executing VM operation: GenCollectForAllocation
Event: 38.746 Executing VM operation: GenCollectForAllocation done


Dynamic libraries:
0x012f0000 - 0x01323000 	C:\Program Files\Java\jdk1.8.0_45\bin\java.exe
0x773f0000 - 0x7752c000 	C:\Windows\SYSTEM32\ntdll.dll
0x75e60000 - 0x75f34000 	C:\Windows\system32\kernel32.dll
0x75810000 - 0x7585a000 	C:\Windows\system32\KERNELBASE.dll
0x75a20000 - 0x75ac0000 	C:\Windows\system32\ADVAPI32.dll
0x75c10000 - 0x75cbc000 	C:\Windows\system32\msvcrt.dll
0x758f0000 - 0x75909000 	C:\Windows\SYSTEM32\sechost.dll
0x76540000 - 0x765e1000 	C:\Windows\system32\RPCRT4.dll
0x75ae0000 - 0x75ba9000 	C:\Windows\system32\USER32.dll
0x75890000 - 0x758de000 	C:\Windows\system32\GDI32.dll
0x77540000 - 0x7754a000 	C:\Windows\system32\LPK.dll
0x762e0000 - 0x7637d000 	C:\Windows\system32\USP10.dll
0x744f0000 - 0x7468e000 	C:\Windows\WinSxS\x86_microsoft.windows.common-controls_6595b64144ccf1df_6.0.7601.17514_none_41e6975e2bd6f2b2\COMCTL32.dll
0x75f40000 - 0x75f97000 	C:\Windows\system32\SHLWAPI.dll
0x75ac0000 - 0x75adf000 	C:\Windows\system32\IMM32.DLL
0x77550000 - 0x7761c000 	C:\Windows\system32\MSCTF.dll
0x69bb0000 - 0x69c6f000 	C:\Program Files\Java\jdk1.8.0_45\jre\bin\msvcr100.dll
0x68ed0000 - 0x69290000 	C:\Program Files\Java\jdk1.8.0_45\jre\bin\client\jvm.dll
0x74b40000 - 0x74b47000 	C:\Windows\system32\WSOCK32.dll
0x759e0000 - 0x75a15000 	C:\Windows\system32\WS2_32.dll
0x77530000 - 0x77536000 	C:\Windows\system32\NSI.dll
0x73d90000 - 0x73dc2000 	C:\Windows\system32\WINMM.dll
0x74b50000 - 0x74b59000 	C:\Windows\system32\VERSION.dll
0x75fa0000 - 0x75fa5000 	C:\Windows\system32\PSAPI.DLL
0x743d0000 - 0x743dc000 	C:\Program Files\Java\jdk1.8.0_45\jre\bin\verify.dll
0x737a0000 - 0x737c1000 	C:\Program Files\Java\jdk1.8.0_45\jre\bin\java.dll
0x73780000 - 0x73793000 	C:\Program Files\Java\jdk1.8.0_45\jre\bin\zip.dll
0x76710000 - 0x7735a000 	C:\Windows\system32\SHELL32.dll
0x75fb0000 - 0x7610c000 	C:\Windows\system32\ole32.dll
0x75590000 - 0x7559b000 	C:\Windows\system32\profapi.dll
0x69910000 - 0x69a55000 	C:\Program Files\Java\jdk1.8.0_45\jre\bin\awt.dll
0x77360000 - 0x773ef000 	C:\Windows\system32\OLEAUT32.dll
0x74180000 - 0x741c0000 	C:\Windows\system32\uxtheme.dll
0x73c50000 - 0x73c63000 	C:\Windows\system32\dwmapi.dll
0x75510000 - 0x7551c000 	C:\Windows\system32\CRYPTBASE.dll
0x6e450000 - 0x6e489000 	C:\Program Files\Java\jdk1.8.0_45\jre\bin\fontmanager.dll
0x689a0000 - 0x68b63000 	C:\Windows\system32\d3d9.dll
0x6e6a0000 - 0x6e6a6000 	C:\Windows\system32\d3d8thk.dll
0x68230000 - 0x68993000 	C:\Windows\system32\nvd3dum.dll
0x741c0000 - 0x741e5000 	C:\Windows\system32\powrprof.dll
0x75cc0000 - 0x75e5d000 	C:\Windows\system32\SETUPAPI.dll
0x756a0000 - 0x756c7000 	C:\Windows\system32\CFGMGR32.dll
0x756d0000 - 0x756e2000 	C:\Windows\system32\DEVOBJ.dll
0x72660000 - 0x72675000 	C:\Program Files\Java\jdk1.8.0_45\jre\bin\net.dll
0x75000000 - 0x7503c000 	C:\Windows\system32\mswsock.dll
0x74ff0000 - 0x74ff6000 	C:\Windows\System32\wship6.dll
0x73770000 - 0x7377f000 	C:\Program Files\Java\jdk1.8.0_45\jre\bin\nio.dll
0x6e500000 - 0x6e530000 	C:\Program Files\Java\jdk1.8.0_45\jre\bin\t2k.dll
0x74ab0000 - 0x74b34000 	C:\Windows\WinSxS\x86_microsoft.windows.common-controls_6595b64144ccf1df_5.82.7601.17514_none_ec83dffa859149af\comctl32.dll
0x76250000 - 0x762d3000 	C:\Windows\system32\CLBCatQ.DLL
0x74270000 - 0x74365000 	C:\Windows\system32\propsys.dll
0x73cf0000 - 0x73d11000 	C:\Windows\system32\ntmarta.dll
0x75910000 - 0x75955000 	C:\Windows\system32\WLDAP32.dll
0x754c0000 - 0x7550c000 	C:\Windows\system32\apphelp.dll
0x72680000 - 0x72818000 	C:\Windows\system32\NetworkExplorer.dll
0x6f740000 - 0x6f76e000 	C:\Windows\System32\shdocvw.dll
0x73bc0000 - 0x73bca000 	C:\Windows\system32\slc.dll
0x71980000 - 0x71992000 	C:\Windows\system32\MPR.dll
0x71970000 - 0x71978000 	C:\Windows\System32\drprov.dll
0x74c90000 - 0x74cb9000 	C:\Windows\System32\WINSTA.dll
0x71720000 - 0x71734000 	C:\Windows\System32\ntlanman.dll
0x71700000 - 0x71717000 	C:\Windows\System32\davclnt.dll
0x716f0000 - 0x716f8000 	C:\Windows\System32\DAVHLPR.dll
0x74b60000 - 0x74b6f000 	C:\Windows\system32\wkscli.dll
0x716e0000 - 0x716eb000 	C:\Windows\system32\cscapi.dll
0x74b70000 - 0x74b79000 	C:\Windows\system32\netutils.dll
0x69650000 - 0x69888000 	C:\Windows\system32\wpdshext.dll
0x73ff0000 - 0x74180000 	C:\Windows\WinSxS\x86_microsoft.windows.gdiplus_6595b64144ccf1df_1.1.7601.17514_none_72d18a4386696c80\gdiplus.dll
0x6b480000 - 0x6b509000 	C:\Windows\system32\PortableDeviceApi.dll
0x75860000 - 0x7588d000 	C:\Windows\system32\WINTRUST.dll
0x756f0000 - 0x7580d000 	C:\Windows\system32\CRYPT32.dll
0x75600000 - 0x7560c000 	C:\Windows\system32\MSASN1.dll
0x69610000 - 0x6964f000 	C:\Windows\system32\audiodev.dll
0x68c60000 - 0x68ec7000 	C:\Windows\system32\WMVCore.DLL
0x695d0000 - 0x6960d000 	C:\Windows\system32\WMASF.DLL
0x6f4d0000 - 0x6f501000 	C:\Windows\system32\EhStorShell.dll
0x695a0000 - 0x695c2000 	C:\Windows\system32\EhStorAPI.dll
0x6f730000 - 0x6f739000 	C:\Windows\system32\LINKINFO.dll
0x69890000 - 0x698b4000 	C:\Program Files\Java\jdk1.8.0_45\jre\bin\dcpr.dll
0x714d0000 - 0x715bb000 	C:\Windows\system32\dbghelp.dll

VM Arguments:
jvm_args: -Dfile.encoding=UTF-8 
java_command: codigo.VentanaDibujo
java_class_path (initial): D:\Proyectos Netbeans\Paint - Carlos Hernández\build\classes
Launcher Type: SUN_STANDARD

Environment Variables:
PATH=C:\ProgramData\Oracle\Java\javapath;C:\Windows\system32;C:\Windows;C:\Windows\System32\Wbem;C:\Windows\System32\WindowsPowerShell\v1.0\;C:\Program Files\Microsoft SQL Server\110\Tools\Binn\;C:\Program Files\Microsoft\Web Platform Installer\;C:\Program Files\MySQL\MySQL Fabric 1.5 & MySQL Utilities 1.5\;C:\Program Files\MySQL\MySQL Fabric 1.5 & MySQL Utilities 1.5\Doctrine extensions for PHP\
USERNAME=Administrator
OS=Windows_NT
PROCESSOR_IDENTIFIER=x86 Family 6 Model 23 Stepping 6, GenuineIntel



---------------  S Y S T E M  ---------------

OS: Windows 7 Build 7601 (6.1.7601.17514)

CPU:total 2 (2 cores per cpu, 1 threads per core) family 6 model 23 stepping 6, cmov, cx8, fxsr, mmx, sse, sse2, sse3, ssse3, sse4.1, tsc

Memory: 4k page, physical 2096508k(1216116k free), swap 4193016k(2666364k free)

vm_info: Java HotSpot(TM) Client VM (25.45-b02) for windows-x86 JRE (1.8.0_45-b15), built on Apr 30 2015 12:31:00 by "java_re" with MS VC++ 10.0 (VS2010)

time: Thu Mar 03 15:27:30 2016
elapsed time: 38 seconds (0d 0h 0m 38s)

