#
# A fatal error has been detected by the Java Runtime Environment:
#
#  EXCEPTION_ACCESS_VIOLATION (0xc0000005) at pc=0x6822b252, pid=3836, tid=3684
#
# JRE version: Java(TM) SE Runtime Environment (8.0_45-b15) (build 1.8.0_45-b15)
# Java VM: Java HotSpot(TM) Client VM (25.45-b02 mixed mode windows-x86 )
# Problematic frame:
# C  [nvd3dum.dll+0x29b252]
#
# Failed to write core dump. Minidumps are not enabled by default on client versions of Windows
#
# If you would like to submit a bug report, please visit:
#   http://bugreport.java.com/bugreport/crash.jsp
# The crash happened outside the Java Virtual Machine in native code.
# See problematic frame for where to report the bug.
#

---------------  T H R E A D  ---------------

Current thread (0x1428a400):  JavaThread "AWT-Windows" daemon [_thread_in_native, id=3684, stack(0x147b0000,0x14800000)]

siginfo: ExceptionCode=0xc0000005, writing address 0x01198004

Registers:
EAX=0x01198000, EBX=0x15319340, ECX=0x00000000, EDX=0x00000179
ESP=0x147fee58, EBP=0x147fee64, ESI=0x15319350, EDI=0x00001001
EIP=0x6822b252, EFLAGS=0x00010202

Top of Stack: (sp=0x147fee58)
0x147fee58:   15270800 00000003 15272f38 147fee84
0x147fee68:   681e11d8 15319340 15270800 00000000
0x147fee78:   171a02dc 00000000 00000000 147feeb0
0x147fee88:   682193c1 152e17c0 153196c0 00000000
0x147fee98:   00000000 00000000 171a02dc 170e0040
0x147feea8:   00000000 00000000 147feed8 68817c49
0x147feeb8:   15270800 171a02dc 00000040 00000000
0x147feec8:   170e0040 0000001f 00000000 00000018 

Instructions: (pc=0x6822b252)
0x6822b232:   60 85 01 00 8d 04 b0 8b b3 f0 00 00 00 8b 46 1c
0x6822b242:   57 8b 7e 28 8d 0c 7f 8d 04 c8 33 c9 47 89 7e 28
0x6822b252:   89 48 04 89 48 08 89 48 0c 89 48 10 89 48 14 89
0x6822b262:   08 8b 48 04 33 ca 81 e1 ff ff ff 00 31 48 04 8b 


Register to memory mapping:

EAX=0x01198000 is an unknown value
EBX=0x15319340 is an unknown value
ECX=0x00000000 is an unknown value
EDX=0x00000179 is an unknown value
ESP=0x147fee58 is pointing into the stack for thread: 0x1428a400
EBP=0x147fee64 is pointing into the stack for thread: 0x1428a400
ESI=0x15319350 is an unknown value
EDI=0x00001001 is an unknown value


Stack: [0x147b0000,0x14800000],  sp=0x147fee58,  free space=315k
Native frames: (J=compiled Java code, j=interpreted, Vv=VM code, C=native code)
C  [nvd3dum.dll+0x29b252]
C  [nvd3dum.dll+0x2511d8]
C  [nvd3dum.dll+0x2893c1]
C  [d3d9.dll+0x117c49]
C  [d3d9.dll+0x11952a]
C  [d3d9.dll+0xb0f74]
C  [d3d9.dll+0x6aee7]
C  [d3d9.dll+0x362e2]
C  [d3d9.dll+0x36ad4]
C  [awt.dll+0x14b8f]

Java frames: (J=compiled Java code, j=interpreted, Vv=VM code)
j  sun.awt.windows.WToolkit.eventLoop()V+0
j  sun.awt.windows.WToolkit.run()V+58
j  java.lang.Thread.run()V+11
v  ~StubRoutines::call_stub

---------------  P R O C E S S  ---------------

Java Threads: ( => current thread )
  0x14c66000 JavaThread "D3D Screen Updater" daemon [_thread_blocked, id=1752, stack(0x17da0000,0x17df0000)]
  0x14c23000 JavaThread "Swing-Shell" daemon [_thread_blocked, id=2380, stack(0x17790000,0x177e0000)]
  0x14ac1800 JavaThread "TimerQueue" daemon [_thread_blocked, id=3292, stack(0x175e0000,0x17630000)]
  0x018cbc00 JavaThread "DestroyJavaVM" [_thread_blocked, id=3500, stack(0x01130000,0x01180000)]
  0x14a35400 JavaThread "AWT-EventQueue-0" [_thread_blocked, id=2880, stack(0x142f0000,0x14340000)]
=>0x1428a400 JavaThread "AWT-Windows" daemon [_thread_in_native, id=3684, stack(0x147b0000,0x14800000)]
  0x14287c00 JavaThread "AWT-Shutdown" [_thread_blocked, id=2612, stack(0x14860000,0x148b0000)]
  0x14285000 JavaThread "Java2D Disposer" daemon [_thread_in_native, id=4004, stack(0x14420000,0x14470000)]
  0x14147400 JavaThread "Service Thread" daemon [_thread_blocked, id=1728, stack(0x14710000,0x14760000)]
  0x14140c00 JavaThread "C1 CompilerThread0" daemon [_thread_blocked, id=3688, stack(0x144e0000,0x14530000)]
  0x1413e400 JavaThread "Attach Listener" daemon [_thread_blocked, id=3692, stack(0x143c0000,0x14410000)]
  0x1414cc00 JavaThread "Signal Dispatcher" daemon [_thread_blocked, id=3044, stack(0x14680000,0x146d0000)]
  0x14105400 JavaThread "Finalizer" daemon [_thread_blocked, id=2552, stack(0x145f0000,0x14640000)]
  0x140ff800 JavaThread "Reference Handler" daemon [_thread_blocked, id=3788, stack(0x14470000,0x144c0000)]

Other Threads:
  0x140fd400 VMThread [stack: 0x14370000,0x143c0000] [id=3848]
  0x14148400 WatcherThread [stack: 0x14800000,0x14850000] [id=3768]

VM state:not at safepoint (normal execution)

VM Mutex/Monitor currently owned by a thread: None

Heap:
 def new generation   total 4928K, used 217K [0x03c00000, 0x04150000, 0x09150000)
  eden space 4416K,   4% used [0x03c00000, 0x03c2db58, 0x04050000)
  from space 512K,   6% used [0x04050000, 0x04058bd0, 0x040d0000)
  to   space 512K,   0% used [0x040d0000, 0x040d0000, 0x04150000)
 tenured generation   total 10944K, used 4323K [0x09150000, 0x09c00000, 0x13c00000)
   the space 10944K,  39% used [0x09150000, 0x09588e10, 0x09589000, 0x09c00000)
 Metaspace       used 9336K, capacity 9519K, committed 9600K, reserved 9600K

Card table byte_map: [0x13c00000,0x13c90000] byte_map_base: 0x13be2000

Polling page: 0x01080000

CodeCache: size=32768Kb used=2327Kb max_used=2327Kb free=30440Kb
 bounds [0x01ba0000, 0x01de8000, 0x03ba0000]
 total_blobs=1575 nmethods=1331 adapters=175
 compilation: enabled

Compilation events (10 events):
Event: 53.974 Thread 0x14140c00 1334             java.awt.LightweightDispatcher::dispatchEvent (73 bytes)
Event: 53.974 Thread 0x14140c00 nmethod 1334 0x01de4f48 code [0x01de5070, 0x01de5254]
Event: 53.991 Thread 0x14140c00 1335             javax.swing.JSlider::getOrientation (5 bytes)
Event: 53.991 Thread 0x14140c00 nmethod 1335 0x01de5388 code [0x01de5480, 0x01de5500]
Event: 54.032 Thread 0x14140c00 1336             javax.swing.JSlider::getUIClassID (3 bytes)
Event: 54.032 Thread 0x14140c00 nmethod 1336 0x01de5548 code [0x01de5640, 0x01de56c0]
Event: 55.155 Thread 0x14140c00 1337             sun.awt.image.PixelConverter$Xrgb::rgbToPixel (2 bytes)
Event: 55.156 Thread 0x14140c00 nmethod 1337 0x01de5708 code [0x01de5800, 0x01de5880]
Event: 55.652 Thread 0x14140c00 1338 % !         java.lang.ref.Reference$ReferenceHandler::run @ 0 (102 bytes)
Event: 55.653 Thread 0x14140c00 nmethod 1338% 0x01de58c8 code [0x01de5a40, 0x01de5ec8]

GC Heap History (10 events):
Event: 43.471 GC heap before
{Heap before GC invocations=29 (full 0):
 def new generation   total 4928K, used 4452K [0x03c00000, 0x04150000, 0x09150000)
  eden space 4416K, 100% used [0x03c00000, 0x04050000, 0x04050000)
  from space 512K,   7% used [0x040d0000, 0x040d90b8, 0x04150000)
  to   space 512K,   0% used [0x04050000, 0x04050000, 0x040d0000)
 tenured generation   total 10944K, used 4323K [0x09150000, 0x09c00000, 0x13c00000)
   the space 10944K,  39% used [0x09150000, 0x09588cd8, 0x09588e00, 0x09c00000)
 Metaspace       used 9336K, capacity 9519K, committed 9600K, reserved 9600K
Event: 43.472 GC heap after
Heap after GC invocations=30 (full 0):
 def new generation   total 4928K, used 32K [0x03c00000, 0x04150000, 0x09150000)
  eden space 4416K,   0% used [0x03c00000, 0x03c00000, 0x04050000)
  from space 512K,   6% used [0x04050000, 0x04058138, 0x040d0000)
  to   space 512K,   0% used [0x040d0000, 0x040d0000, 0x04150000)
 tenured generation   total 10944K, used 4323K [0x09150000, 0x09c00000, 0x13c00000)
   the space 10944K,  39% used [0x09150000, 0x09588d78, 0x09588e00, 0x09c00000)
 Metaspace       used 9336K, capacity 9519K, committed 9600K, reserved 9600K
}
Event: 44.631 GC heap before
{Heap before GC invocations=30 (full 0):
 def new generation   total 4928K, used 4448K [0x03c00000, 0x04150000, 0x09150000)
  eden space 4416K, 100% used [0x03c00000, 0x04050000, 0x04050000)
  from space 512K,   6% used [0x04050000, 0x04058138, 0x040d0000)
  to   space 512K,   0% used [0x040d0000, 0x040d0000, 0x04150000)
 tenured generation   total 10944K, used 4323K [0x09150000, 0x09c00000, 0x13c00000)
   the space 10944K,  39% used [0x09150000, 0x09588d78, 0x09588e00, 0x09c00000)
 Metaspace       used 9336K, capacity 9519K, committed 9600K, reserved 9600K
Event: 44.633 GC heap after
Heap after GC invocations=31 (full 0):
 def new generation   total 4928K, used 41K [0x03c00000, 0x04150000, 0x09150000)
  eden space 4416K,   0% used [0x03c00000, 0x03c00000, 0x04050000)
  from space 512K,   8% used [0x040d0000, 0x040da588, 0x04150000)
  to   space 512K,   0% used [0x04050000, 0x04050000, 0x040d0000)
 tenured generation   total 10944K, used 4323K [0x09150000, 0x09c00000, 0x13c00000)
   the space 10944K,  39% used [0x09150000, 0x09588d78, 0x09588e00, 0x09c00000)
 Metaspace       used 9336K, capacity 9519K, committed 9600K, reserved 9600K
}
Event: 53.308 GC heap before
{Heap before GC invocations=31 (full 0):
 def new generation   total 4928K, used 4457K [0x03c00000, 0x04150000, 0x09150000)
  eden space 4416K, 100% used [0x03c00000, 0x04050000, 0x04050000)
  from space 512K,   8% used [0x040d0000, 0x040da588, 0x04150000)
  to   space 512K,   0% used [0x04050000, 0x04050000, 0x040d0000)
 tenured generation   total 10944K, used 4323K [0x09150000, 0x09c00000, 0x13c00000)
   the space 10944K,  39% used [0x09150000, 0x09588d78, 0x09588e00, 0x09c00000)
 Metaspace       used 9336K, capacity 9519K, committed 9600K, reserved 9600K
Event: 53.310 GC heap after
Heap after GC invocations=32 (full 0):
 def new generation   total 4928K, used 32K [0x03c00000, 0x04150000, 0x09150000)
  eden space 4416K,   0% used [0x03c00000, 0x03c00000, 0x04050000)
  from space 512K,   6% used [0x04050000, 0x04058208, 0x040d0000)
  to   space 512K,   0% used [0x040d0000, 0x040d0000, 0x04150000)
 tenured generation   total 10944K, used 4323K [0x09150000, 0x09c00000, 0x13c00000)
   the space 10944K,  39% used [0x09150000, 0x09588e10, 0x09589000, 0x09c00000)
 Metaspace       used 9336K, capacity 9519K, committed 9600K, reserved 9600K
}
Event: 55.207 GC heap before
{Heap before GC invocations=32 (full 0):
 def new generation   total 4928K, used 4448K [0x03c00000, 0x04150000, 0x09150000)
  eden space 4416K, 100% used [0x03c00000, 0x04050000, 0x04050000)
  from space 512K,   6% used [0x04050000, 0x04058208, 0x040d0000)
  to   space 512K,   0% used [0x040d0000, 0x040d0000, 0x04150000)
 tenured generation   total 10944K, used 4323K [0x09150000, 0x09c00000, 0x13c00000)
   the space 10944K,  39% used [0x09150000, 0x09588e10, 0x09589000, 0x09c00000)
 Metaspace       used 9336K, capacity 9519K, committed 9600K, reserved 9600K
Event: 55.208 GC heap after
Heap after GC invocations=33 (full 0):
 def new generation   total 4928K, used 35K [0x03c00000, 0x04150000, 0x09150000)
  eden space 4416K,   0% used [0x03c00000, 0x03c00000, 0x04050000)
  from space 512K,   6% used [0x040d0000, 0x040d8d18, 0x04150000)
  to   space 512K,   0% used [0x04050000, 0x04050000, 0x040d0000)
 tenured generation   total 10944K, used 4323K [0x09150000, 0x09c00000, 0x13c00000)
   the space 10944K,  39% used [0x09150000, 0x09588e10, 0x09589000, 0x09c00000)
 Metaspace       used 9336K, capacity 9519K, committed 9600K, reserved 9600K
}
Event: 55.650 GC heap before
{Heap before GC invocations=33 (full 0):
 def new generation   total 4928K, used 4451K [0x03c00000, 0x04150000, 0x09150000)
  eden space 4416K, 100% used [0x03c00000, 0x04050000, 0x04050000)
  from space 512K,   6% used [0x040d0000, 0x040d8d18, 0x04150000)
  to   space 512K,   0% used [0x04050000, 0x04050000, 0x040d0000)
 tenured generation   total 10944K, used 4323K [0x09150000, 0x09c00000, 0x13c00000)
   the space 10944K,  39% used [0x09150000, 0x09588e10, 0x09589000, 0x09c00000)
 Metaspace       used 9336K, capacity 9519K, committed 9600K, reserved 9600K
Event: 55.652 GC heap after
Heap after GC invocations=34 (full 0):
 def new generation   total 4928K, used 34K [0x03c00000, 0x04150000, 0x09150000)
  eden space 4416K,   0% used [0x03c00000, 0x03c00000, 0x04050000)
  from space 512K,   6% used [0x04050000, 0x04058bd0, 0x040d0000)
  to   space 512K,   0% used [0x040d0000, 0x040d0000, 0x04150000)
 tenured generation   total 10944K, used 4323K [0x09150000, 0x09c00000, 0x13c00000)
   the space 10944K,  39% used [0x09150000, 0x09588e10, 0x09589000, 0x09c00000)
 Metaspace       used 9336K, capacity 9519K, committed 9600K, reserved 9600K
}

Deoptimization events (0 events):
No events

Internal exceptions (10 events):
Event: 0.269 Thread 0x018cbc00 Exception <a 'java/lang/ClassNotFoundException': ToolBar> (0x03eb75a0) thrown at [C:\re\workspace\8-2-build-windows-i586-cygwin\jdk8u45\3627\hotspot\src\share\vm\classfile\systemDictionary.cpp, line 210]
Event: 0.269 Thread 0x018cbc00 Exception <a 'java/lang/ClassNotFoundException': ToggleButton> (0x03eb7a98) thrown at [C:\re\workspace\8-2-build-windows-i586-cygwin\jdk8u45\3627\hotspot\src\share\vm\classfile\systemDictionary.cpp, line 210]
Event: 0.269 Thread 0x018cbc00 Exception <a 'java/lang/ClassNotFoundException': javax/swing/JToolBarSeparator> (0x03eb7e50) thrown at [C:\re\workspace\8-2-build-windows-i586-cygwin\jdk8u45\3627\hotspot\src\share\vm\classfile\systemDictionary.cpp, line 210]
Event: 0.269 Thread 0x018cbc00 Exception <a 'java/lang/ClassNotFoundException': ToolBarSeparator> (0x03eb8258) thrown at [C:\re\workspace\8-2-build-windows-i586-cygwin\jdk8u45\3627\hotspot\src\share\vm\classfile\systemDictionary.cpp, line 210]
Event: 0.270 Thread 0x018cbc00 Exception <a 'java/lang/ClassNotFoundException': ToolTip> (0x03eb88b0) thrown at [C:\re\workspace\8-2-build-windows-i586-cygwin\jdk8u45\3627\hotspot\src\share\vm\classfile\systemDictionary.cpp, line 210]
Event: 0.271 Thread 0x018cbc00 Exception <a 'java/lang/ClassNotFoundException': Tree> (0x03eb9348) thrown at [C:\re\workspace\8-2-build-windows-i586-cygwin\jdk8u45\3627\hotspot\src\share\vm\classfile\systemDictionary.cpp, line 210]
Event: 0.271 Thread 0x018cbc00 Exception <a 'java/lang/ClassNotFoundException': Tree> (0x03eb99a8) thrown at [C:\re\workspace\8-2-build-windows-i586-cygwin\jdk8u45\3627\hotspot\src\share\vm\classfile\systemDictionary.cpp, line 210]
Event: 0.271 Thread 0x018cbc00 Exception <a 'java/lang/ClassNotFoundException': javax/swing/JTreeCell> (0x03eb9c90) thrown at [C:\re\workspace\8-2-build-windows-i586-cygwin\jdk8u45\3627\hotspot\src\share\vm\classfile\systemDictionary.cpp, line 210]
Event: 0.271 Thread 0x018cbc00 Exception <a 'java/lang/ClassNotFoundException': TreeCell> (0x03eba088) thrown at [C:\re\workspace\8-2-build-windows-i586-cygwin\jdk8u45\3627\hotspot\src\share\vm\classfile\systemDictionary.cpp, line 210]
Event: 0.271 Thread 0x018cbc00 Exception <a 'java/lang/ClassNotFoundException': RootPane> (0x03eba9b0) thrown at [C:\re\workspace\8-2-build-windows-i586-cygwin\jdk8u45\3627\hotspot\src\share\vm\classfile\systemDictionary.cpp, line 210]

Events (10 events):
Event: 43.470 Executing VM operation: GenCollectForAllocation
Event: 43.472 Executing VM operation: GenCollectForAllocation done
Event: 44.631 Executing VM operation: GenCollectForAllocation
Event: 44.633 Executing VM operation: GenCollectForAllocation done
Event: 53.308 Executing VM operation: GenCollectForAllocation
Event: 53.310 Executing VM operation: GenCollectForAllocation done
Event: 55.207 Executing VM operation: GenCollectForAllocation
Event: 55.208 Executing VM operation: GenCollectForAllocation done
Event: 55.650 Executing VM operation: GenCollectForAllocation
Event: 55.652 Executing VM operation: GenCollectForAllocation done


Dynamic libraries:
0x010e0000 - 0x01113000 	C:\Program Files\Java\jdk1.8.0_45\bin\java.exe
0x774c0000 - 0x775fc000 	C:\Windows\SYSTEM32\ntdll.dll
0x773e0000 - 0x774b4000 	C:\Windows\system32\kernel32.dll
0x75850000 - 0x7589a000 	C:\Windows\system32\KERNELBASE.dll
0x75c20000 - 0x75cc0000 	C:\Windows\system32\ADVAPI32.dll
0x75ce0000 - 0x75d8c000 	C:\Windows\system32\msvcrt.dll
0x77000000 - 0x77019000 	C:\Windows\SYSTEM32\sechost.dll
0x77330000 - 0x773d1000 	C:\Windows\system32\RPCRT4.dll
0x77210000 - 0x772d9000 	C:\Windows\system32\USER32.dll
0x772e0000 - 0x7732e000 	C:\Windows\system32\GDI32.dll
0x776e0000 - 0x776ea000 	C:\Windows\system32\LPK.dll
0x76c50000 - 0x76ced000 	C:\Windows\system32\USP10.dll
0x74400000 - 0x7459e000 	C:\Windows\WinSxS\x86_microsoft.windows.common-controls_6595b64144ccf1df_6.0.7601.17514_none_41e6975e2bd6f2b2\COMCTL32.dll
0x75a00000 - 0x75a57000 	C:\Windows\system32\SHLWAPI.dll
0x75cc0000 - 0x75cdf000 	C:\Windows\system32\IMM32.DLL
0x75d90000 - 0x75e5c000 	C:\Windows\system32\MSCTF.dll
0x6b950000 - 0x6ba0f000 	C:\Program Files\Java\jdk1.8.0_45\jre\bin\msvcr100.dll
0x69080000 - 0x69440000 	C:\Program Files\Java\jdk1.8.0_45\jre\bin\client\jvm.dll
0x74c10000 - 0x74c17000 	C:\Windows\system32\WSOCK32.dll
0x75960000 - 0x75995000 	C:\Windows\system32\WS2_32.dll
0x76ee0000 - 0x76ee6000 	C:\Windows\system32\NSI.dll
0x73720000 - 0x73752000 	C:\Windows\system32\WINMM.dll
0x74c20000 - 0x74c29000 	C:\Windows\system32\VERSION.dll
0x77610000 - 0x77615000 	C:\Windows\system32\PSAPI.DLL
0x748f0000 - 0x748fc000 	C:\Program Files\Java\jdk1.8.0_45\jre\bin\verify.dll
0x72400000 - 0x72421000 	C:\Program Files\Java\jdk1.8.0_45\jre\bin\java.dll
0x6e2d0000 - 0x6e2e3000 	C:\Program Files\Java\jdk1.8.0_45\jre\bin\zip.dll
0x76000000 - 0x76c4a000 	C:\Windows\system32\SHELL32.dll
0x770b0000 - 0x7720c000 	C:\Windows\system32\ole32.dll
0x75660000 - 0x7566b000 	C:\Windows\system32\profapi.dll
0x69b20000 - 0x69c65000 	C:\Program Files\Java\jdk1.8.0_45\jre\bin\awt.dll
0x77020000 - 0x770af000 	C:\Windows\system32\OLEAUT32.dll
0x74280000 - 0x742c0000 	C:\Windows\system32\uxtheme.dll
0x74090000 - 0x740a3000 	C:\Windows\system32\dwmapi.dll
0x755e0000 - 0x755ec000 	C:\Windows\system32\CRYPTBASE.dll
0x69ae0000 - 0x69b19000 	C:\Program Files\Java\jdk1.8.0_45\jre\bin\fontmanager.dll
0x68700000 - 0x688c3000 	C:\Windows\system32\d3d9.dll
0x743e0000 - 0x743e6000 	C:\Windows\system32\d3d8thk.dll
0x67f90000 - 0x686f3000 	C:\Windows\system32\nvd3dum.dll
0x74060000 - 0x74085000 	C:\Windows\system32\powrprof.dll
0x75e60000 - 0x75ffd000 	C:\Windows\system32\SETUPAPI.dll
0x756e0000 - 0x75707000 	C:\Windows\system32\CFGMGR32.dll
0x75830000 - 0x75842000 	C:\Windows\system32\DEVOBJ.dll
0x6b930000 - 0x6b945000 	C:\Program Files\Java\jdk1.8.0_45\jre\bin\net.dll
0x750d0000 - 0x7510c000 	C:\Windows\system32\mswsock.dll
0x750c0000 - 0x750c6000 	C:\Windows\System32\wship6.dll
0x723f0000 - 0x723ff000 	C:\Program Files\Java\jdk1.8.0_45\jre\bin\nio.dll
0x69f20000 - 0x69f50000 	C:\Program Files\Java\jdk1.8.0_45\jre\bin\t2k.dll
0x74b80000 - 0x74c04000 	C:\Windows\WinSxS\x86_microsoft.windows.common-controls_6595b64144ccf1df_5.82.7601.17514_none_ec83dffa859149af\comctl32.dll
0x77620000 - 0x776a3000 	C:\Windows\system32\CLBCatQ.DLL
0x742c0000 - 0x743b5000 	C:\Windows\system32\propsys.dll
0x73ef0000 - 0x73f11000 	C:\Windows\system32\ntmarta.dll
0x76e90000 - 0x76ed5000 	C:\Windows\system32\WLDAP32.dll
0x75590000 - 0x755dc000 	C:\Windows\system32\apphelp.dll
0x6e4c0000 - 0x6e658000 	C:\Windows\system32\NetworkExplorer.dll
0x6f8e0000 - 0x6f90e000 	C:\Windows\System32\shdocvw.dll
0x73c90000 - 0x73c9a000 	C:\Windows\system32\slc.dll
0x71bc0000 - 0x71bd2000 	C:\Windows\system32\MPR.dll
0x71bb0000 - 0x71bb8000 	C:\Windows\System32\drprov.dll
0x74d80000 - 0x74da9000 	C:\Windows\System32\WINSTA.dll
0x71b90000 - 0x71ba4000 	C:\Windows\System32\ntlanman.dll
0x71b70000 - 0x71b87000 	C:\Windows\System32\davclnt.dll
0x71b60000 - 0x71b68000 	C:\Windows\System32\DAVHLPR.dll
0x74c30000 - 0x74c3f000 	C:\Windows\system32\wkscli.dll
0x71b50000 - 0x71b5b000 	C:\Windows\system32\cscapi.dll
0x74c40000 - 0x74c49000 	C:\Windows\system32\netutils.dll
0x695c0000 - 0x697f8000 	C:\Windows\system32\wpdshext.dll
0x740f0000 - 0x74280000 	C:\Windows\WinSxS\x86_microsoft.windows.gdiplus_6595b64144ccf1df_1.1.7601.17514_none_72d18a4386696c80\gdiplus.dll
0x6b3b0000 - 0x6b439000 	C:\Windows\system32\PortableDeviceApi.dll
0x758a0000 - 0x758cd000 	C:\Windows\system32\WINTRUST.dll
0x75710000 - 0x7582d000 	C:\Windows\system32\CRYPT32.dll
0x756d0000 - 0x756dc000 	C:\Windows\system32\MSASN1.dll
0x69a50000 - 0x69a8f000 	C:\Windows\system32\audiodev.dll
0x68e10000 - 0x69077000 	C:\Windows\system32\WMVCore.DLL
0x699f0000 - 0x69a2d000 	C:\Windows\system32\WMASF.DLL
0x6fb70000 - 0x6fba1000 	C:\Windows\system32\EhStorShell.dll
0x699c0000 - 0x699e2000 	C:\Windows\system32\EhStorAPI.dll
0x6f8d0000 - 0x6f8d9000 	C:\Windows\system32\LINKINFO.dll
0x69ab0000 - 0x69ad4000 	C:\Program Files\Java\jdk1.8.0_45\jre\bin\dcpr.dll
0x71a40000 - 0x71b2b000 	C:\Windows\system32\dbghelp.dll

VM Arguments:
jvm_args: -Dfile.encoding=UTF-8 
java_command: codigo.VentanaDibujo
java_class_path (initial): D:\Proyectos Netbeans\DibujaCirculo\build\classes
Launcher Type: SUN_STANDARD

Environment Variables:
PATH=C:\ProgramData\Oracle\Java\javapath;C:\Windows\system32;C:\Windows;C:\Windows\System32\Wbem;C:\Windows\System32\WindowsPowerShell\v1.0\;C:\Program Files\Microsoft SQL Server\110\Tools\Binn\;C:\Program Files\Microsoft\Web Platform Installer\;C:\Program Files\MySQL\MySQL Fabric 1.5 & MySQL Utilities 1.5\;C:\Program Files\MySQL\MySQL Fabric 1.5 & MySQL Utilities 1.5\Doctrine extensions for PHP\
USERNAME=Administrator
OS=Windows_NT
PROCESSOR_IDENTIFIER=x86 Family 6 Model 23 Stepping 6, GenuineIntel



---------------  S Y S T E M  ---------------

OS: Windows 7 Build 7601 (6.1.7601.17514)

CPU:total 2 (2 cores per cpu, 1 threads per core) family 6 model 23 stepping 6, cmov, cx8, fxsr, mmx, sse, sse2, sse3, ssse3, sse4.1, tsc

Memory: 4k page, physical 2096508k(1109872k free), swap 4193016k(2517716k free)

vm_info: Java HotSpot(TM) Client VM (25.45-b02) for windows-x86 JRE (1.8.0_45-b15), built on Apr 30 2015 12:31:00 by "java_re" with MS VC++ 10.0 (VS2010)

time: Fri Feb 26 18:07:04 2016
elapsed time: 55 seconds (0d 0h 0m 55s)

