#
# A fatal error has been detected by the Java Runtime Environment:
#
#  EXCEPTION_ACCESS_VIOLATION (0xc0000005) at pc=0x630bb252, pid=1224, tid=3044
#
# JRE version: Java(TM) SE Runtime Environment (8.0_45-b15) (build 1.8.0_45-b15)
# Java VM: Java HotSpot(TM) Client VM (25.45-b02 mixed mode windows-x86 )
# Problematic frame:
# C  [nvd3dum.dll+0x29b252]
#
# Failed to write core dump. Minidumps are not enabled by default on client versions of Windows
#
# If you would like to submit a bug report, please visit:
#   http://bugreport.java.com/bugreport/crash.jsp
# The crash happened outside the Java Virtual Machine in native code.
# See problematic frame for where to report the bug.
#

---------------  T H R E A D  ---------------

Current thread (0x143f8800):  JavaThread "AWT-Windows" daemon [_thread_in_native, id=3044, stack(0x14880000,0x148d0000)]

siginfo: ExceptionCode=0xc0000005, writing address 0x01238004

Registers:
EAX=0x01238000, EBX=0x15339340, ECX=0x00000000, EDX=0x0000017b
ESP=0x148cf398, EBP=0x148cf3a4, ESI=0x15339350, EDI=0x00001001
EIP=0x630bb252, EFLAGS=0x00010202

Top of Stack: (sp=0x148cf398)
0x148cf398:   15290800 00000005 15292f60 148cf3c4
0x148cf3a8:   630711d8 15339340 15290800 00000000
0x148cf3b8:   171c0444 00000000 00000000 148cf3f0
0x148cf3c8:   630a93c1 153017c0 153396c0 00000000
0x148cf3d8:   00000000 00000000 171c0444 17100040
0x148cf3e8:   00000000 00000000 148cf418 636a7c49
0x148cf3f8:   15290800 171c0444 00000040 00000000
0x148cf408:   17100040 0000001f 00000000 00000180 

Instructions: (pc=0x630bb252)
0x630bb232:   60 85 01 00 8d 04 b0 8b b3 f0 00 00 00 8b 46 1c
0x630bb242:   57 8b 7e 28 8d 0c 7f 8d 04 c8 33 c9 47 89 7e 28
0x630bb252:   89 48 04 89 48 08 89 48 0c 89 48 10 89 48 14 89
0x630bb262:   08 8b 48 04 33 ca 81 e1 ff ff ff 00 31 48 04 8b 


Register to memory mapping:

EAX=0x01238000 is an unknown value
EBX=0x15339340 is an unknown value
ECX=0x00000000 is an unknown value
EDX=0x0000017b is an unknown value
ESP=0x148cf398 is pointing into the stack for thread: 0x143f8800
EBP=0x148cf3a4 is pointing into the stack for thread: 0x143f8800
ESI=0x15339350 is an unknown value
EDI=0x00001001 is an unknown value


Stack: [0x14880000,0x148d0000],  sp=0x148cf398,  free space=316k
Native frames: (J=compiled Java code, j=interpreted, Vv=VM code, C=native code)
C  [nvd3dum.dll+0x29b252]
C  [nvd3dum.dll+0x2511d8]
C  [nvd3dum.dll+0x2893c1]
C  [d3d9.dll+0x117c49]
C  [d3d9.dll+0x11952a]
C  [d3d9.dll+0xb0f74]
C  [d3d9.dll+0x6aee7]
C  [d3d9.dll+0x362e2]
C  [d3d9.dll+0x36ad4]
C  [awt.dll+0x14b8f]

Java frames: (J=compiled Java code, j=interpreted, Vv=VM code)
j  sun.awt.windows.WToolkit.eventLoop()V+0
j  sun.awt.windows.WToolkit.run()V+58
j  java.lang.Thread.run()V+11
v  ~StubRoutines::call_stub

---------------  P R O C E S S  ---------------

Java Threads: ( => current thread )
  0x14e59400 JavaThread "D3D Screen Updater" daemon [_thread_blocked, id=3676, stack(0x17fc0000,0x18010000)]
  0x14e11c00 JavaThread "Swing-Shell" daemon [_thread_blocked, id=4060, stack(0x14b30000,0x14b80000)]
  0x14cb1000 JavaThread "TimerQueue" daemon [_thread_blocked, id=3464, stack(0x17650000,0x176a0000)]
  0x017abc00 JavaThread "DestroyJavaVM" [_thread_blocked, id=3032, stack(0x017e0000,0x01830000)]
  0x14c24400 JavaThread "AWT-EventQueue-0" [_thread_blocked, id=2720, stack(0x150d0000,0x15120000)]
=>0x143f8800 JavaThread "AWT-Windows" daemon [_thread_in_native, id=3044, stack(0x14880000,0x148d0000)]
  0x143f5800 JavaThread "AWT-Shutdown" [_thread_blocked, id=3064, stack(0x149c0000,0x14a10000)]
  0x143f2c00 JavaThread "Java2D Disposer" daemon [_thread_in_native, id=2776, stack(0x03da0000,0x03df0000)]
  0x142b1400 JavaThread "Service Thread" daemon [_thread_blocked, id=1104, stack(0x14720000,0x14770000)]
  0x142aac00 JavaThread "C1 CompilerThread0" daemon [_thread_blocked, id=788, stack(0x146d0000,0x14720000)]
  0x142bc000 JavaThread "Attach Listener" daemon [_thread_blocked, id=2888, stack(0x03d40000,0x03d90000)]
  0x142b9000 JavaThread "Signal Dispatcher" daemon [_thread_blocked, id=2756, stack(0x145c0000,0x14610000)]
  0x14275400 JavaThread "Finalizer" daemon [_thread_blocked, id=3948, stack(0x14540000,0x14590000)]
  0x1426f800 JavaThread "Reference Handler" daemon [_thread_blocked, id=2884, stack(0x14490000,0x144e0000)]

Other Threads:
  0x1426d400 VMThread [stack: 0x03cc0000,0x03d10000] [id=3748]
  0x142b2400 WatcherThread [stack: 0x14630000,0x14680000] [id=3584]

VM state:not at safepoint (normal execution)

VM Mutex/Monitor currently owned by a thread: None

Heap:
 def new generation   total 4928K, used 367K [0x03e00000, 0x04350000, 0x09350000)
  eden space 4416K,   4% used [0x03e00000, 0x03e2f550, 0x04250000)
  from space 512K,  34% used [0x042d0000, 0x042fc7f8, 0x04350000)
  to   space 512K,   0% used [0x04250000, 0x04250000, 0x042d0000)
 tenured generation   total 10944K, used 4550K [0x09350000, 0x09e00000, 0x13e00000)
   the space 10944K,  41% used [0x09350000, 0x097c1a20, 0x097c1c00, 0x09e00000)
 Metaspace       used 9378K, capacity 9589K, committed 9728K, reserved 10624K

Card table byte_map: [0x018b0000,0x01940000] byte_map_base: 0x01891000

Polling page: 0x00180000

CodeCache: size=32768Kb used=2439Kb max_used=2439Kb free=30328Kb
 bounds [0x01c50000, 0x01eb8000, 0x03c50000]
 total_blobs=1570 nmethods=1323 adapters=177
 compilation: enabled

Compilation events (10 events):
Event: 84.612 Thread 0x142aac00 1327             sun.java2d.SurfaceData::getStateTracker (8 bytes)
Event: 84.612 Thread 0x142aac00 nmethod 1327 0x01eb0dc8 code [0x01eb0ed0, 0x01eb0f6c]
Event: 84.634 Thread 0x142aac00 1328             javax.swing.JComponent::getGraphics (33 bytes)
Event: 84.634 Thread 0x142aac00 nmethod 1328 0x01eb1008 code [0x01eb1130, 0x01eb1270]
Event: 84.635 Thread 0x142aac00 1329             sun.swing.MenuItemLayoutHelper$RectSize::access$302 (7 bytes)
Event: 84.635 Thread 0x142aac00 nmethod 1329 0x01eb1388 code [0x01eb1480, 0x01eb14f0]
Event: 84.674 Thread 0x142aac00 1330             javax.swing.plaf.synth.SynthPanelUI::getContext (10 bytes)
Event: 84.674 Thread 0x142aac00 nmethod 1330 0x01eb1548 code [0x01eb1670, 0x01eb1790]
Event: 84.796 Thread 0x142aac00 1331             java.awt.Component::getGraphics (124 bytes)
Event: 84.796 Thread 0x142aac00 nmethod 1331 0x01eb1948 code [0x01eb1ad0, 0x01eb1e04]

GC Heap History (10 events):
Event: 81.252 GC heap before
{Heap before GC invocations=12 (full 0):
 def new generation   total 4928K, used 4599K [0x03e00000, 0x04350000, 0x09350000)
  eden space 4416K, 100% used [0x03e00000, 0x04250000, 0x04250000)
  from space 512K,  35% used [0x04250000, 0x0427ded8, 0x042d0000)
  to   space 512K,   0% used [0x042d0000, 0x042d0000, 0x04350000)
 tenured generation   total 10944K, used 4550K [0x09350000, 0x09e00000, 0x13e00000)
   the space 10944K,  41% used [0x09350000, 0x097c1a20, 0x097c1c00, 0x09e00000)
 Metaspace       used 9378K, capacity 9589K, committed 9728K, reserved 10624K
Event: 81.255 GC heap after
Heap after GC invocations=13 (full 0):
 def new generation   total 4928K, used 182K [0x03e00000, 0x04350000, 0x09350000)
  eden space 4416K,   0% used [0x03e00000, 0x03e00000, 0x04250000)
  from space 512K,  35% used [0x042d0000, 0x042fdb90, 0x04350000)
  to   space 512K,   0% used [0x04250000, 0x04250000, 0x042d0000)
 tenured generation   total 10944K, used 4550K [0x09350000, 0x09e00000, 0x13e00000)
   the space 10944K,  41% used [0x09350000, 0x097c1a20, 0x097c1c00, 0x09e00000)
 Metaspace       used 9378K, capacity 9589K, committed 9728K, reserved 10624K
}
Event: 81.932 GC heap before
{Heap before GC invocations=13 (full 0):
 def new generation   total 4928K, used 4598K [0x03e00000, 0x04350000, 0x09350000)
  eden space 4416K, 100% used [0x03e00000, 0x04250000, 0x04250000)
  from space 512K,  35% used [0x042d0000, 0x042fdb90, 0x04350000)
  to   space 512K,   0% used [0x04250000, 0x04250000, 0x042d0000)
 tenured generation   total 10944K, used 4550K [0x09350000, 0x09e00000, 0x13e00000)
   the space 10944K,  41% used [0x09350000, 0x097c1a20, 0x097c1c00, 0x09e00000)
 Metaspace       used 9378K, capacity 9589K, committed 9728K, reserved 10624K
Event: 81.935 GC heap after
Heap after GC invocations=14 (full 0):
 def new generation   total 4928K, used 176K [0x03e00000, 0x04350000, 0x09350000)
  eden space 4416K,   0% used [0x03e00000, 0x03e00000, 0x04250000)
  from space 512K,  34% used [0x04250000, 0x0427c1b0, 0x042d0000)
  to   space 512K,   0% used [0x042d0000, 0x042d0000, 0x04350000)
 tenured generation   total 10944K, used 4550K [0x09350000, 0x09e00000, 0x13e00000)
   the space 10944K,  41% used [0x09350000, 0x097c1a20, 0x097c1c00, 0x09e00000)
 Metaspace       used 9378K, capacity 9589K, committed 9728K, reserved 10624K
}
Event: 82.956 GC heap before
{Heap before GC invocations=14 (full 0):
 def new generation   total 4928K, used 4592K [0x03e00000, 0x04350000, 0x09350000)
  eden space 4416K, 100% used [0x03e00000, 0x04250000, 0x04250000)
  from space 512K,  34% used [0x04250000, 0x0427c1b0, 0x042d0000)
  to   space 512K,   0% used [0x042d0000, 0x042d0000, 0x04350000)
 tenured generation   total 10944K, used 4550K [0x09350000, 0x09e00000, 0x13e00000)
   the space 10944K,  41% used [0x09350000, 0x097c1a20, 0x097c1c00, 0x09e00000)
 Metaspace       used 9378K, capacity 9589K, committed 9728K, reserved 10624K
Event: 82.958 GC heap after
Heap after GC invocations=15 (full 0):
 def new generation   total 4928K, used 175K [0x03e00000, 0x04350000, 0x09350000)
  eden space 4416K,   0% used [0x03e00000, 0x03e00000, 0x04250000)
  from space 512K,  34% used [0x042d0000, 0x042fbc08, 0x04350000)
  to   space 512K,   0% used [0x04250000, 0x04250000, 0x042d0000)
 tenured generation   total 10944K, used 4550K [0x09350000, 0x09e00000, 0x13e00000)
   the space 10944K,  41% used [0x09350000, 0x097c1a20, 0x097c1c00, 0x09e00000)
 Metaspace       used 9378K, capacity 9589K, committed 9728K, reserved 10624K
}
Event: 83.551 GC heap before
{Heap before GC invocations=15 (full 0):
 def new generation   total 4928K, used 4591K [0x03e00000, 0x04350000, 0x09350000)
  eden space 4416K, 100% used [0x03e00000, 0x04250000, 0x04250000)
  from space 512K,  34% used [0x042d0000, 0x042fbc08, 0x04350000)
  to   space 512K,   0% used [0x04250000, 0x04250000, 0x042d0000)
 tenured generation   total 10944K, used 4550K [0x09350000, 0x09e00000, 0x13e00000)
   the space 10944K,  41% used [0x09350000, 0x097c1a20, 0x097c1c00, 0x09e00000)
 Metaspace       used 9378K, capacity 9589K, committed 9728K, reserved 10624K
Event: 83.553 GC heap after
Heap after GC invocations=16 (full 0):
 def new generation   total 4928K, used 185K [0x03e00000, 0x04350000, 0x09350000)
  eden space 4416K,   0% used [0x03e00000, 0x03e00000, 0x04250000)
  from space 512K,  36% used [0x04250000, 0x0427e498, 0x042d0000)
  to   space 512K,   0% used [0x042d0000, 0x042d0000, 0x04350000)
 tenured generation   total 10944K, used 4550K [0x09350000, 0x09e00000, 0x13e00000)
   the space 10944K,  41% used [0x09350000, 0x097c1a20, 0x097c1c00, 0x09e00000)
 Metaspace       used 9378K, capacity 9589K, committed 9728K, reserved 10624K
}
Event: 84.802 GC heap before
{Heap before GC invocations=16 (full 0):
 def new generation   total 4928K, used 4601K [0x03e00000, 0x04350000, 0x09350000)
  eden space 4416K, 100% used [0x03e00000, 0x04250000, 0x04250000)
  from space 512K,  36% used [0x04250000, 0x0427e498, 0x042d0000)
  to   space 512K,   0% used [0x042d0000, 0x042d0000, 0x04350000)
 tenured generation   total 10944K, used 4550K [0x09350000, 0x09e00000, 0x13e00000)
   the space 10944K,  41% used [0x09350000, 0x097c1a20, 0x097c1c00, 0x09e00000)
 Metaspace       used 9378K, capacity 9589K, committed 9728K, reserved 10624K
Event: 84.804 GC heap after
Heap after GC invocations=17 (full 0):
 def new generation   total 4928K, used 177K [0x03e00000, 0x04350000, 0x09350000)
  eden space 4416K,   0% used [0x03e00000, 0x03e00000, 0x04250000)
  from space 512K,  34% used [0x042d0000, 0x042fc7f8, 0x04350000)
  to   space 512K,   0% used [0x04250000, 0x04250000, 0x042d0000)
 tenured generation   total 10944K, used 4550K [0x09350000, 0x09e00000, 0x13e00000)
   the space 10944K,  41% used [0x09350000, 0x097c1a20, 0x097c1c00, 0x09e00000)
 Metaspace       used 9378K, capacity 9589K, committed 9728K, reserved 10624K
}

Deoptimization events (0 events):
No events

Internal exceptions (10 events):
Event: 0.279 Thread 0x017abc00 Exception <a 'java/lang/ClassNotFoundException': javax/swing/JToolBarSeparator> (0x040b9000) thrown at [C:\re\workspace\8-2-build-windows-i586-cygwin\jdk8u45\3627\hotspot\src\share\vm\classfile\systemDictionary.cpp, line 210]
Event: 0.279 Thread 0x017abc00 Exception <a 'java/lang/ClassNotFoundException': ToolBarSeparator> (0x040b9408) thrown at [C:\re\workspace\8-2-build-windows-i586-cygwin\jdk8u45\3627\hotspot\src\share\vm\classfile\systemDictionary.cpp, line 210]
Event: 0.279 Thread 0x017abc00 Exception <a 'java/lang/ClassNotFoundException': ToolTip> (0x040b9a60) thrown at [C:\re\workspace\8-2-build-windows-i586-cygwin\jdk8u45\3627\hotspot\src\share\vm\classfile\systemDictionary.cpp, line 210]
Event: 0.281 Thread 0x017abc00 Exception <a 'java/lang/ClassNotFoundException': Tree> (0x040ba4f8) thrown at [C:\re\workspace\8-2-build-windows-i586-cygwin\jdk8u45\3627\hotspot\src\share\vm\classfile\systemDictionary.cpp, line 210]
Event: 0.281 Thread 0x017abc00 Exception <a 'java/lang/ClassNotFoundException': Tree> (0x040bab68) thrown at [C:\re\workspace\8-2-build-windows-i586-cygwin\jdk8u45\3627\hotspot\src\share\vm\classfile\systemDictionary.cpp, line 210]
Event: 0.281 Thread 0x017abc00 Exception <a 'java/lang/ClassNotFoundException': javax/swing/JTreeCell> (0x040bae50) thrown at [C:\re\workspace\8-2-build-windows-i586-cygwin\jdk8u45\3627\hotspot\src\share\vm\classfile\systemDictionary.cpp, line 210]
Event: 0.281 Thread 0x017abc00 Exception <a 'java/lang/ClassNotFoundException': TreeCell> (0x040bb248) thrown at [C:\re\workspace\8-2-build-windows-i586-cygwin\jdk8u45\3627\hotspot\src\share\vm\classfile\systemDictionary.cpp, line 210]
Event: 0.281 Thread 0x017abc00 Exception <a 'java/lang/ClassNotFoundException': RootPane> (0x040bbb70) thrown at [C:\re\workspace\8-2-build-windows-i586-cygwin\jdk8u45\3627\hotspot\src\share\vm\classfile\systemDictionary.cpp, line 210]
Event: 26.775 Thread 0x14c24400 Implicit null exception at 0x01e0d07f to 0x01e0e8fc
Event: 26.776 Thread 0x14c24400 Implicit null exception at 0x01e0d07f to 0x01e0e8fc

Events (10 events):
Event: 81.252 Executing VM operation: GenCollectForAllocation
Event: 81.255 Executing VM operation: GenCollectForAllocation done
Event: 81.932 Executing VM operation: GenCollectForAllocation
Event: 81.935 Executing VM operation: GenCollectForAllocation done
Event: 82.956 Executing VM operation: GenCollectForAllocation
Event: 82.958 Executing VM operation: GenCollectForAllocation done
Event: 83.550 Executing VM operation: GenCollectForAllocation
Event: 83.553 Executing VM operation: GenCollectForAllocation done
Event: 84.802 Executing VM operation: GenCollectForAllocation
Event: 84.804 Executing VM operation: GenCollectForAllocation done


Dynamic libraries:
0x000c0000 - 0x000f3000 	C:\Program Files\Java\jdk1.8.0_45\bin\java.exe
0x76d90000 - 0x76ecc000 	C:\Windows\SYSTEM32\ntdll.dll
0x75720000 - 0x757f4000 	C:\Windows\system32\kernel32.dll
0x75000000 - 0x7504a000 	C:\Windows\system32\KERNELBASE.dll
0x75f90000 - 0x76030000 	C:\Windows\system32\ADVAPI32.dll
0x755a0000 - 0x7564c000 	C:\Windows\system32\msvcrt.dll
0x76ed0000 - 0x76ee9000 	C:\Windows\SYSTEM32\sechost.dll
0x75920000 - 0x759c1000 	C:\Windows\system32\RPCRT4.dll
0x76ef0000 - 0x76fb9000 	C:\Windows\system32\USER32.dll
0x75b50000 - 0x75b9e000 	C:\Windows\system32\GDI32.dll
0x75ab0000 - 0x75aba000 	C:\Windows\system32\LPK.dll
0x75d50000 - 0x75ded000 	C:\Windows\system32\USP10.dll
0x73cd0000 - 0x73e6e000 	C:\Windows\WinSxS\x86_microsoft.windows.common-controls_6595b64144ccf1df_6.0.7601.17514_none_41e6975e2bd6f2b2\COMCTL32.dll
0x75f20000 - 0x75f77000 	C:\Windows\system32\SHLWAPI.dll
0x75550000 - 0x7556f000 	C:\Windows\system32\IMM32.DLL
0x75650000 - 0x7571c000 	C:\Windows\system32\MSCTF.dll
0x62d60000 - 0x62e1f000 	C:\Program Files\Java\jdk1.8.0_45\jre\bin\msvcr100.dll
0x622e0000 - 0x626a0000 	C:\Program Files\Java\jdk1.8.0_45\jre\bin\client\jvm.dll
0x744e0000 - 0x744e7000 	C:\Windows\system32\WSOCK32.dll
0x75e50000 - 0x75e85000 	C:\Windows\system32\WS2_32.dll
0x75d40000 - 0x75d46000 	C:\Windows\system32\NSI.dll
0x71c10000 - 0x71c42000 	C:\Windows\system32\WINMM.dll
0x744f0000 - 0x744f9000 	C:\Windows\system32\VERSION.dll
0x75f80000 - 0x75f85000 	C:\Windows\system32\PSAPI.DLL
0x73e80000 - 0x73e8c000 	C:\Program Files\Java\jdk1.8.0_45\jre\bin\verify.dll
0x69900000 - 0x69921000 	C:\Program Files\Java\jdk1.8.0_45\jre\bin\java.dll
0x69870000 - 0x69883000 	C:\Program Files\Java\jdk1.8.0_45\jre\bin\zip.dll
0x76140000 - 0x76d8a000 	C:\Windows\system32\SHELL32.dll
0x753f0000 - 0x7554c000 	C:\Windows\system32\ole32.dll
0x74f30000 - 0x74f3b000 	C:\Windows\system32\profapi.dll
0x62c10000 - 0x62d55000 	C:\Program Files\Java\jdk1.8.0_45\jre\bin\awt.dll
0x75ac0000 - 0x75b4f000 	C:\Windows\system32\OLEAUT32.dll
0x73ae0000 - 0x73b20000 	C:\Windows\system32\uxtheme.dll
0x73720000 - 0x73733000 	C:\Windows\system32\dwmapi.dll
0x74eb0000 - 0x74ebc000 	C:\Windows\system32\CRYPTBASE.dll
0x69830000 - 0x69869000 	C:\Program Files\Java\jdk1.8.0_45\jre\bin\fontmanager.dll
0x63590000 - 0x63753000 	C:\Windows\system32\d3d9.dll
0x690e0000 - 0x690e6000 	C:\Windows\system32\d3d8thk.dll
0x62e20000 - 0x63583000 	C:\Windows\system32\nvd3dum.dll
0x73b60000 - 0x73b85000 	C:\Windows\system32\powrprof.dll
0x75ba0000 - 0x75d3d000 	C:\Windows\system32\SETUPAPI.dll
0x74fb0000 - 0x74fd7000 	C:\Windows\system32\CFGMGR32.dll
0x74fe0000 - 0x74ff2000 	C:\Windows\system32\DEVOBJ.dll
0x6eab0000 - 0x6eac5000 	C:\Program Files\Java\jdk1.8.0_45\jre\bin\net.dll
0x749a0000 - 0x749dc000 	C:\Windows\system32\mswsock.dll
0x74990000 - 0x74996000 	C:\Windows\System32\wship6.dll
0x73e90000 - 0x73e9f000 	C:\Program Files\Java\jdk1.8.0_45\jre\bin\nio.dll
0x69800000 - 0x69830000 	C:\Program Files\Java\jdk1.8.0_45\jre\bin\t2k.dll
0x74450000 - 0x744d4000 	C:\Windows\WinSxS\x86_microsoft.windows.common-controls_6595b64144ccf1df_5.82.7601.17514_none_ec83dffa859149af\comctl32.dll
0x75e90000 - 0x75f13000 	C:\Windows\system32\CLBCatQ.DLL
0x73b90000 - 0x73c85000 	C:\Windows\system32\propsys.dll
0x73750000 - 0x73771000 	C:\Windows\system32\ntmarta.dll
0x75e00000 - 0x75e45000 	C:\Windows\system32\WLDAP32.dll
0x74e60000 - 0x74eac000 	C:\Windows\system32\apphelp.dll
0x6dce0000 - 0x6de78000 	C:\Windows\system32\NetworkExplorer.dll
0x6edc0000 - 0x6edee000 	C:\Windows\System32\shdocvw.dll
0x73660000 - 0x7366a000 	C:\Windows\system32\slc.dll
0x71330000 - 0x71342000 	C:\Windows\system32\MPR.dll
0x71020000 - 0x71028000 	C:\Windows\System32\drprov.dll
0x74620000 - 0x74649000 	C:\Windows\System32\WINSTA.dll
0x71000000 - 0x71014000 	C:\Windows\System32\ntlanman.dll
0x70fe0000 - 0x70ff7000 	C:\Windows\System32\davclnt.dll
0x70fd0000 - 0x70fd8000 	C:\Windows\System32\DAVHLPR.dll
0x74500000 - 0x7450f000 	C:\Windows\system32\wkscli.dll
0x70fc0000 - 0x70fcb000 	C:\Windows\system32\cscapi.dll
0x74510000 - 0x74519000 	C:\Windows\system32\netutils.dll
0x629d0000 - 0x62c08000 	C:\Windows\system32\wpdshext.dll
0x73950000 - 0x73ae0000 	C:\Windows\WinSxS\x86_microsoft.windows.gdiplus_6595b64144ccf1df_1.1.7601.17514_none_72d18a4386696c80\gdiplus.dll
0x6ab90000 - 0x6ac19000 	C:\Windows\system32\PortableDeviceApi.dll
0x75170000 - 0x7519d000 	C:\Windows\system32\WINTRUST.dll
0x75050000 - 0x7516d000 	C:\Windows\system32\CRYPT32.dll
0x74fa0000 - 0x74fac000 	C:\Windows\system32\MSASN1.dll
0x73530000 - 0x7356f000 	C:\Windows\system32\audiodev.dll
0x62070000 - 0x622d7000 	C:\Windows\system32\WMVCore.DLL
0x6da30000 - 0x6da6d000 	C:\Windows\system32\WMASF.DLL
0x6f540000 - 0x6f571000 	C:\Windows\system32\EhStorShell.dll
0x69720000 - 0x69742000 	C:\Windows\system32\EhStorAPI.dll
0x6edb0000 - 0x6edb9000 	C:\Windows\system32\LINKINFO.dll
0x73570000 - 0x73594000 	C:\Program Files\Java\jdk1.8.0_45\jre\bin\dcpr.dll
0x73300000 - 0x733fb000 	C:\Windows\system32\WindowsCodecs.dll
0x6f1c0000 - 0x6f230000 	C:\Windows\system32\ntshrui.dll
0x74db0000 - 0x74dc9000 	C:\Windows\system32\srvcli.dll
0x70300000 - 0x703eb000 	C:\Windows\system32\dbghelp.dll

VM Arguments:
jvm_args: -Dfile.encoding=UTF-8 
java_command: codigo.VentanaDibujo
java_class_path (initial): D:\Proyectos Netbeans\Paint - Carlos Hernández\build\classes
Launcher Type: SUN_STANDARD

Environment Variables:
PATH=C:\ProgramData\Oracle\Java\javapath;C:\Windows\system32;C:\Windows;C:\Windows\System32\Wbem;C:\Windows\System32\WindowsPowerShell\v1.0\;C:\Program Files\Microsoft SQL Server\110\Tools\Binn\;C:\Program Files\Microsoft\Web Platform Installer\;C:\Program Files\MySQL\MySQL Fabric 1.5 & MySQL Utilities 1.5\;C:\Program Files\MySQL\MySQL Fabric 1.5 & MySQL Utilities 1.5\Doctrine extensions for PHP\
USERNAME=Administrator
OS=Windows_NT
PROCESSOR_IDENTIFIER=x86 Family 6 Model 23 Stepping 6, GenuineIntel



---------------  S Y S T E M  ---------------

OS: Windows 7 Build 7601 (6.1.7601.17514)

CPU:total 2 (2 cores per cpu, 1 threads per core) family 6 model 23 stepping 6, cmov, cx8, fxsr, mmx, sse, sse2, sse3, ssse3, sse4.1, tsc

Memory: 4k page, physical 2096508k(836604k free), swap 4193016k(2186456k free)

vm_info: Java HotSpot(TM) Client VM (25.45-b02) for windows-x86 JRE (1.8.0_45-b15), built on Apr 30 2015 12:31:00 by "java_re" with MS VC++ 10.0 (VS2010)

time: Wed Mar 09 15:20:11 2016
elapsed time: 84 seconds (0d 0h 1m 24s)

