#
# A fatal error has been detected by the Java Runtime Environment:
#
#  EXCEPTION_ACCESS_VIOLATION (0xc0000005) at pc=0x683fb252, pid=3364, tid=1552
#
# JRE version: Java(TM) SE Runtime Environment (8.0_45-b15) (build 1.8.0_45-b15)
# Java VM: Java HotSpot(TM) Client VM (25.45-b02 mixed mode windows-x86 )
# Problematic frame:
# C  [nvd3dum.dll+0x29b252]
#
# Failed to write core dump. Minidumps are not enabled by default on client versions of Windows
#
# If you would like to submit a bug report, please visit:
#   http://bugreport.java.com/bugreport/crash.jsp
# The crash happened outside the Java Virtual Machine in native code.
# See problematic frame for where to report the bug.
#

---------------  T H R E A D  ---------------

Current thread (0x143f8000):  JavaThread "AWT-Windows" daemon [_thread_in_native, id=1552, stack(0x149b0000,0x14a00000)]

siginfo: ExceptionCode=0xc0000005, writing address 0x002e8004

Registers:
EAX=0x002e8000, EBX=0x15429340, ECX=0x00000000, EDX=0x00000177
ESP=0x149fef18, EBP=0x149fef24, ESI=0x15429350, EDI=0x00001001
EIP=0x683fb252, EFLAGS=0x00010202

Top of Stack: (sp=0x149fef18)
0x149fef18:   15380800 00000001 15382f10 149fef44
0x149fef28:   683b11d8 15429340 15380800 00000000
0x149fef38:   172b03f4 00000000 00000000 149fef70
0x149fef48:   683e93c1 153f17c0 154296c0 00000000
0x149fef58:   00000000 00000000 172b03f4 171f0040
0x149fef68:   00000000 00000000 149fef98 68d57c49
0x149fef78:   15380800 172b03f4 00000040 00000000
0x149fef88:   171f0040 0000001f 00000000 00000130 

Instructions: (pc=0x683fb252)
0x683fb232:   60 85 01 00 8d 04 b0 8b b3 f0 00 00 00 8b 46 1c
0x683fb242:   57 8b 7e 28 8d 0c 7f 8d 04 c8 33 c9 47 89 7e 28
0x683fb252:   89 48 04 89 48 08 89 48 0c 89 48 10 89 48 14 89
0x683fb262:   08 8b 48 04 33 ca 81 e1 ff ff ff 00 31 48 04 8b 


Register to memory mapping:

EAX=0x002e8000 is an unknown value
EBX=0x15429340 is an unknown value
ECX=0x00000000 is an unknown value
EDX=0x00000177 is an unknown value
ESP=0x149fef18 is pointing into the stack for thread: 0x143f8000
EBP=0x149fef24 is pointing into the stack for thread: 0x143f8000
ESI=0x15429350 is an unknown value
EDI=0x00001001 is an unknown value


Stack: [0x149b0000,0x14a00000],  sp=0x149fef18,  free space=315k
Native frames: (J=compiled Java code, j=interpreted, Vv=VM code, C=native code)
C  [nvd3dum.dll+0x29b252]
C  [nvd3dum.dll+0x2511d8]
C  [nvd3dum.dll+0x2893c1]
C  [d3d9.dll+0x117c49]
C  [d3d9.dll+0x11952a]
C  [d3d9.dll+0xb0f74]
C  [d3d9.dll+0x6aee7]
C  [d3d9.dll+0x362e2]
C  [d3d9.dll+0x36ad4]
C  [awt.dll+0x14b8f]

Java frames: (J=compiled Java code, j=interpreted, Vv=VM code)
j  sun.awt.windows.WToolkit.eventLoop()V+0
j  sun.awt.windows.WToolkit.run()V+58
j  java.lang.Thread.run()V+11
v  ~StubRoutines::call_stub

---------------  P R O C E S S  ---------------

Java Threads: ( => current thread )
  0x14db5000 JavaThread "D3D Screen Updater" daemon [_thread_blocked, id=2476, stack(0x17e40000,0x17e90000)]
  0x14d72000 JavaThread "Swing-Shell" daemon [_thread_blocked, id=2496, stack(0x150d0000,0x15120000)]
  0x14c18c00 JavaThread "TimerQueue" daemon [_thread_blocked, id=3772, stack(0x14930000,0x14980000)]
  0x0178bc00 JavaThread "DestroyJavaVM" [_thread_blocked, id=3356, stack(0x01a00000,0x01a50000)]
  0x14b85400 JavaThread "AWT-EventQueue-0" [_thread_blocked, id=3816, stack(0x15140000,0x15190000)]
=>0x143f8000 JavaThread "AWT-Windows" daemon [_thread_in_native, id=1552, stack(0x149b0000,0x14a00000)]
  0x143f5400 JavaThread "AWT-Shutdown" [_thread_blocked, id=1516, stack(0x14890000,0x148e0000)]
  0x143f2800 JavaThread "Java2D Disposer" daemon [_thread_in_native, id=3132, stack(0x148e0000,0x14930000)]
  0x142b7400 JavaThread "Service Thread" daemon [_thread_blocked, id=3544, stack(0x147a0000,0x147f0000)]
  0x142b0c00 JavaThread "C1 CompilerThread0" daemon [_thread_blocked, id=1996, stack(0x14730000,0x14780000)]
  0x142ae400 JavaThread "Attach Listener" daemon [_thread_blocked, id=1612, stack(0x14490000,0x144e0000)]
  0x142bcc00 JavaThread "Signal Dispatcher" daemon [_thread_blocked, id=3064, stack(0x03d90000,0x03de0000)]
  0x14275400 JavaThread "Finalizer" daemon [_thread_blocked, id=2796, stack(0x03d40000,0x03d90000)]
  0x1426f800 JavaThread "Reference Handler" daemon [_thread_blocked, id=2920, stack(0x01730000,0x01780000)]

Other Threads:
  0x1426d400 VMThread [stack: 0x14540000,0x14590000] [id=756]
  0x142b8400 WatcherThread [stack: 0x145b0000,0x14600000] [id=580]

VM state:not at safepoint (normal execution)

VM Mutex/Monitor currently owned by a thread: None

Heap:
 def new generation   total 4928K, used 224K [0x03e00000, 0x04350000, 0x09350000)
  eden space 4416K,   4% used [0x03e00000, 0x03e2ce60, 0x04250000)
  from space 512K,   8% used [0x04250000, 0x0425b230, 0x042d0000)
  to   space 512K,   0% used [0x042d0000, 0x042d0000, 0x04350000)
 tenured generation   total 10944K, used 4246K [0x09350000, 0x09e00000, 0x13e00000)
   the space 10944K,  38% used [0x09350000, 0x097758c0, 0x09775a00, 0x09e00000)
 Metaspace       used 9260K, capacity 9455K, committed 9600K, reserved 9600K

Card table byte_map: [0x01890000,0x01920000] byte_map_base: 0x01871000

Polling page: 0x00260000

CodeCache: size=32768Kb used=2591Kb max_used=2591Kb free=30176Kb
 bounds [0x01d20000, 0x01fb0000, 0x03d20000]
 total_blobs=1744 nmethods=1502 adapters=173
 compilation: enabled

Compilation events (10 events):
Event: 107.150 Thread 0x142b0c00 1505             java.util.ArrayList::contains (14 bytes)
Event: 107.151 Thread 0x142b0c00 nmethod 1505 0x01fa7108 code [0x01fa7200, 0x01fa729c]
Event: 107.151 Thread 0x142b0c00 1506             javax.swing.JMenuBar::getUIClassID (3 bytes)
Event: 107.151 Thread 0x142b0c00 nmethod 1506 0x01fa7308 code [0x01fa7400, 0x01fa7480]
Event: 107.360 Thread 0x142b0c00 1507             com.sun.java.swing.SwingUtilities3::getDelegateRepaintManager (73 bytes)
Event: 107.360 Thread 0x142b0c00 nmethod 1507 0x01fa74c8 code [0x01fa7640, 0x01fa7a18]
Event: 107.522 Thread 0x142b0c00 1508             sun.java2d.d3d.D3DSurfaceData$D3DWindowSurfaceData::getContext (5 bytes)
Event: 107.522 Thread 0x142b0c00 nmethod 1508 0x01fa7d48 code [0x01fa7e40, 0x01fa7ed0]
Event: 108.600 Thread 0x142b0c00 1509             java.awt.Container::processEvent (22 bytes)
Event: 108.601 Thread 0x142b0c00 nmethod 1509 0x01fa7f48 code [0x01fa8060, 0x01fa8158]

GC Heap History (10 events):
Event: 107.241 GC heap before
{Heap before GC invocations=59 (full 0):
 def new generation   total 4928K, used 4452K [0x03e00000, 0x04350000, 0x09350000)
  eden space 4416K, 100% used [0x03e00000, 0x04250000, 0x04250000)
  from space 512K,   7% used [0x042d0000, 0x042d9080, 0x04350000)
  to   space 512K,   0% used [0x04250000, 0x04250000, 0x042d0000)
 tenured generation   total 10944K, used 4246K [0x09350000, 0x09e00000, 0x13e00000)
   the space 10944K,  38% used [0x09350000, 0x09775810, 0x09775a00, 0x09e00000)
 Metaspace       used 9260K, capacity 9455K, committed 9600K, reserved 9600K
Event: 107.243 GC heap after
Heap after GC invocations=60 (full 0):
 def new generation   total 4928K, used 38K [0x03e00000, 0x04350000, 0x09350000)
  eden space 4416K,   0% used [0x03e00000, 0x03e00000, 0x04250000)
  from space 512K,   7% used [0x04250000, 0x04259828, 0x042d0000)
  to   space 512K,   0% used [0x042d0000, 0x042d0000, 0x04350000)
 tenured generation   total 10944K, used 4246K [0x09350000, 0x09e00000, 0x13e00000)
   the space 10944K,  38% used [0x09350000, 0x09775810, 0x09775a00, 0x09e00000)
 Metaspace       used 9260K, capacity 9455K, committed 9600K, reserved 9600K
}
Event: 107.686 GC heap before
{Heap before GC invocations=60 (full 0):
 def new generation   total 4928K, used 4454K [0x03e00000, 0x04350000, 0x09350000)
  eden space 4416K, 100% used [0x03e00000, 0x04250000, 0x04250000)
  from space 512K,   7% used [0x04250000, 0x04259828, 0x042d0000)
  to   space 512K,   0% used [0x042d0000, 0x042d0000, 0x04350000)
 tenured generation   total 10944K, used 4246K [0x09350000, 0x09e00000, 0x13e00000)
   the space 10944K,  38% used [0x09350000, 0x09775810, 0x09775a00, 0x09e00000)
 Metaspace       used 9260K, capacity 9455K, committed 9600K, reserved 9600K
Event: 107.688 GC heap after
Heap after GC invocations=61 (full 0):
 def new generation   total 4928K, used 38K [0x03e00000, 0x04350000, 0x09350000)
  eden space 4416K,   0% used [0x03e00000, 0x03e00000, 0x04250000)
  from space 512K,   7% used [0x042d0000, 0x042d9a80, 0x04350000)
  to   space 512K,   0% used [0x04250000, 0x04250000, 0x042d0000)
 tenured generation   total 10944K, used 4246K [0x09350000, 0x09e00000, 0x13e00000)
   the space 10944K,  38% used [0x09350000, 0x09775810, 0x09775a00, 0x09e00000)
 Metaspace       used 9260K, capacity 9455K, committed 9600K, reserved 9600K
}
Event: 108.130 GC heap before
{Heap before GC invocations=61 (full 0):
 def new generation   total 4928K, used 4454K [0x03e00000, 0x04350000, 0x09350000)
  eden space 4416K, 100% used [0x03e00000, 0x04250000, 0x04250000)
  from space 512K,   7% used [0x042d0000, 0x042d9a80, 0x04350000)
  to   space 512K,   0% used [0x04250000, 0x04250000, 0x042d0000)
 tenured generation   total 10944K, used 4246K [0x09350000, 0x09e00000, 0x13e00000)
   the space 10944K,  38% used [0x09350000, 0x09775810, 0x09775a00, 0x09e00000)
 Metaspace       used 9260K, capacity 9455K, committed 9600K, reserved 9600K
Event: 108.131 GC heap after
Heap after GC invocations=62 (full 0):
 def new generation   total 4928K, used 43K [0x03e00000, 0x04350000, 0x09350000)
  eden space 4416K,   0% used [0x03e00000, 0x03e00000, 0x04250000)
  from space 512K,   8% used [0x04250000, 0x0425ad98, 0x042d0000)
  to   space 512K,   0% used [0x042d0000, 0x042d0000, 0x04350000)
 tenured generation   total 10944K, used 4246K [0x09350000, 0x09e00000, 0x13e00000)
   the space 10944K,  38% used [0x09350000, 0x09775868, 0x09775a00, 0x09e00000)
 Metaspace       used 9260K, capacity 9455K, committed 9600K, reserved 9600K
}
Event: 108.532 GC heap before
{Heap before GC invocations=62 (full 0):
 def new generation   total 4928K, used 4459K [0x03e00000, 0x04350000, 0x09350000)
  eden space 4416K, 100% used [0x03e00000, 0x04250000, 0x04250000)
  from space 512K,   8% used [0x04250000, 0x0425ad98, 0x042d0000)
  to   space 512K,   0% used [0x042d0000, 0x042d0000, 0x04350000)
 tenured generation   total 10944K, used 4246K [0x09350000, 0x09e00000, 0x13e00000)
   the space 10944K,  38% used [0x09350000, 0x09775868, 0x09775a00, 0x09e00000)
 Metaspace       used 9260K, capacity 9455K, committed 9600K, reserved 9600K
Event: 108.534 GC heap after
Heap after GC invocations=63 (full 0):
 def new generation   total 4928K, used 37K [0x03e00000, 0x04350000, 0x09350000)
  eden space 4416K,   0% used [0x03e00000, 0x03e00000, 0x04250000)
  from space 512K,   7% used [0x042d0000, 0x042d97b0, 0x04350000)
  to   space 512K,   0% used [0x04250000, 0x04250000, 0x042d0000)
 tenured generation   total 10944K, used 4246K [0x09350000, 0x09e00000, 0x13e00000)
   the space 10944K,  38% used [0x09350000, 0x097758c0, 0x09775a00, 0x09e00000)
 Metaspace       used 9260K, capacity 9455K, committed 9600K, reserved 9600K
}
Event: 108.955 GC heap before
{Heap before GC invocations=63 (full 0):
 def new generation   total 4928K, used 4453K [0x03e00000, 0x04350000, 0x09350000)
  eden space 4416K, 100% used [0x03e00000, 0x04250000, 0x04250000)
  from space 512K,   7% used [0x042d0000, 0x042d97b0, 0x04350000)
  to   space 512K,   0% used [0x04250000, 0x04250000, 0x042d0000)
 tenured generation   total 10944K, used 4246K [0x09350000, 0x09e00000, 0x13e00000)
   the space 10944K,  38% used [0x09350000, 0x097758c0, 0x09775a00, 0x09e00000)
 Metaspace       used 9260K, capacity 9455K, committed 9600K, reserved 9600K
Event: 108.957 GC heap after
Heap after GC invocations=64 (full 0):
 def new generation   total 4928K, used 44K [0x03e00000, 0x04350000, 0x09350000)
  eden space 4416K,   0% used [0x03e00000, 0x03e00000, 0x04250000)
  from space 512K,   8% used [0x04250000, 0x0425b230, 0x042d0000)
  to   space 512K,   0% used [0x042d0000, 0x042d0000, 0x04350000)
 tenured generation   total 10944K, used 4246K [0x09350000, 0x09e00000, 0x13e00000)
   the space 10944K,  38% used [0x09350000, 0x097758c0, 0x09775a00, 0x09e00000)
 Metaspace       used 9260K, capacity 9455K, committed 9600K, reserved 9600K
}

Deoptimization events (0 events):
No events

Internal exceptions (10 events):
Event: 0.262 Thread 0x0178bc00 Exception <a 'java/lang/ClassNotFoundException': ToolBar> (0x040b75a0) thrown at [C:\re\workspace\8-2-build-windows-i586-cygwin\jdk8u45\3627\hotspot\src\share\vm\classfile\systemDictionary.cpp, line 210]
Event: 0.262 Thread 0x0178bc00 Exception <a 'java/lang/ClassNotFoundException': ToggleButton> (0x040b7a98) thrown at [C:\re\workspace\8-2-build-windows-i586-cygwin\jdk8u45\3627\hotspot\src\share\vm\classfile\systemDictionary.cpp, line 210]
Event: 0.262 Thread 0x0178bc00 Exception <a 'java/lang/ClassNotFoundException': javax/swing/JToolBarSeparator> (0x040b7e50) thrown at [C:\re\workspace\8-2-build-windows-i586-cygwin\jdk8u45\3627\hotspot\src\share\vm\classfile\systemDictionary.cpp, line 210]
Event: 0.262 Thread 0x0178bc00 Exception <a 'java/lang/ClassNotFoundException': ToolBarSeparator> (0x040b8258) thrown at [C:\re\workspace\8-2-build-windows-i586-cygwin\jdk8u45\3627\hotspot\src\share\vm\classfile\systemDictionary.cpp, line 210]
Event: 0.262 Thread 0x0178bc00 Exception <a 'java/lang/ClassNotFoundException': ToolTip> (0x040b88b0) thrown at [C:\re\workspace\8-2-build-windows-i586-cygwin\jdk8u45\3627\hotspot\src\share\vm\classfile\systemDictionary.cpp, line 210]
Event: 0.263 Thread 0x0178bc00 Exception <a 'java/lang/ClassNotFoundException': Tree> (0x040b9348) thrown at [C:\re\workspace\8-2-build-windows-i586-cygwin\jdk8u45\3627\hotspot\src\share\vm\classfile\systemDictionary.cpp, line 210]
Event: 0.263 Thread 0x0178bc00 Exception <a 'java/lang/ClassNotFoundException': Tree> (0x040b99a8) thrown at [C:\re\workspace\8-2-build-windows-i586-cygwin\jdk8u45\3627\hotspot\src\share\vm\classfile\systemDictionary.cpp, line 210]
Event: 0.264 Thread 0x0178bc00 Exception <a 'java/lang/ClassNotFoundException': javax/swing/JTreeCell> (0x040b9c90) thrown at [C:\re\workspace\8-2-build-windows-i586-cygwin\jdk8u45\3627\hotspot\src\share\vm\classfile\systemDictionary.cpp, line 210]
Event: 0.264 Thread 0x0178bc00 Exception <a 'java/lang/ClassNotFoundException': TreeCell> (0x040ba088) thrown at [C:\re\workspace\8-2-build-windows-i586-cygwin\jdk8u45\3627\hotspot\src\share\vm\classfile\systemDictionary.cpp, line 210]
Event: 0.264 Thread 0x0178bc00 Exception <a 'java/lang/ClassNotFoundException': RootPane> (0x040ba9b0) thrown at [C:\re\workspace\8-2-build-windows-i586-cygwin\jdk8u45\3627\hotspot\src\share\vm\classfile\systemDictionary.cpp, line 210]

Events (10 events):
Event: 107.241 Executing VM operation: GenCollectForAllocation
Event: 107.243 Executing VM operation: GenCollectForAllocation done
Event: 107.686 Executing VM operation: GenCollectForAllocation
Event: 107.688 Executing VM operation: GenCollectForAllocation done
Event: 108.129 Executing VM operation: GenCollectForAllocation
Event: 108.131 Executing VM operation: GenCollectForAllocation done
Event: 108.532 Executing VM operation: GenCollectForAllocation
Event: 108.534 Executing VM operation: GenCollectForAllocation done
Event: 108.955 Executing VM operation: GenCollectForAllocation
Event: 108.957 Executing VM operation: GenCollectForAllocation done


Dynamic libraries:
0x01270000 - 0x012a3000 	C:\Program Files\Java\jdk1.8.0_45\bin\java.exe
0x774c0000 - 0x775fc000 	C:\Windows\SYSTEM32\ntdll.dll
0x773e0000 - 0x774b4000 	C:\Windows\system32\kernel32.dll
0x75850000 - 0x7589a000 	C:\Windows\system32\KERNELBASE.dll
0x75c20000 - 0x75cc0000 	C:\Windows\system32\ADVAPI32.dll
0x75ce0000 - 0x75d8c000 	C:\Windows\system32\msvcrt.dll
0x77000000 - 0x77019000 	C:\Windows\SYSTEM32\sechost.dll
0x77330000 - 0x773d1000 	C:\Windows\system32\RPCRT4.dll
0x77210000 - 0x772d9000 	C:\Windows\system32\USER32.dll
0x772e0000 - 0x7732e000 	C:\Windows\system32\GDI32.dll
0x776e0000 - 0x776ea000 	C:\Windows\system32\LPK.dll
0x76c50000 - 0x76ced000 	C:\Windows\system32\USP10.dll
0x74400000 - 0x7459e000 	C:\Windows\WinSxS\x86_microsoft.windows.common-controls_6595b64144ccf1df_6.0.7601.17514_none_41e6975e2bd6f2b2\COMCTL32.dll
0x75a00000 - 0x75a57000 	C:\Windows\system32\SHLWAPI.dll
0x75cc0000 - 0x75cdf000 	C:\Windows\system32\IMM32.DLL
0x75d90000 - 0x75e5c000 	C:\Windows\system32\MSCTF.dll
0x6b950000 - 0x6ba0f000 	C:\Program Files\Java\jdk1.8.0_45\jre\bin\msvcr100.dll
0x69080000 - 0x69440000 	C:\Program Files\Java\jdk1.8.0_45\jre\bin\client\jvm.dll
0x74c10000 - 0x74c17000 	C:\Windows\system32\WSOCK32.dll
0x75960000 - 0x75995000 	C:\Windows\system32\WS2_32.dll
0x76ee0000 - 0x76ee6000 	C:\Windows\system32\NSI.dll
0x73720000 - 0x73752000 	C:\Windows\system32\WINMM.dll
0x74c20000 - 0x74c29000 	C:\Windows\system32\VERSION.dll
0x77610000 - 0x77615000 	C:\Windows\system32\PSAPI.DLL
0x748f0000 - 0x748fc000 	C:\Program Files\Java\jdk1.8.0_45\jre\bin\verify.dll
0x72400000 - 0x72421000 	C:\Program Files\Java\jdk1.8.0_45\jre\bin\java.dll
0x6e2d0000 - 0x6e2e3000 	C:\Program Files\Java\jdk1.8.0_45\jre\bin\zip.dll
0x76000000 - 0x76c4a000 	C:\Windows\system32\SHELL32.dll
0x770b0000 - 0x7720c000 	C:\Windows\system32\ole32.dll
0x75660000 - 0x7566b000 	C:\Windows\system32\profapi.dll
0x69b20000 - 0x69c65000 	C:\Program Files\Java\jdk1.8.0_45\jre\bin\awt.dll
0x77020000 - 0x770af000 	C:\Windows\system32\OLEAUT32.dll
0x74280000 - 0x742c0000 	C:\Windows\system32\uxtheme.dll
0x74090000 - 0x740a3000 	C:\Windows\system32\dwmapi.dll
0x755e0000 - 0x755ec000 	C:\Windows\system32\CRYPTBASE.dll
0x69ae0000 - 0x69b19000 	C:\Program Files\Java\jdk1.8.0_45\jre\bin\fontmanager.dll
0x68c40000 - 0x68e03000 	C:\Windows\system32\d3d9.dll
0x743f0000 - 0x743f6000 	C:\Windows\system32\d3d8thk.dll
0x68160000 - 0x688c3000 	C:\Windows\system32\nvd3dum.dll
0x74060000 - 0x74085000 	C:\Windows\system32\powrprof.dll
0x75e60000 - 0x75ffd000 	C:\Windows\system32\SETUPAPI.dll
0x756e0000 - 0x75707000 	C:\Windows\system32\CFGMGR32.dll
0x75830000 - 0x75842000 	C:\Windows\system32\DEVOBJ.dll
0x6b930000 - 0x6b945000 	C:\Program Files\Java\jdk1.8.0_45\jre\bin\net.dll
0x750d0000 - 0x7510c000 	C:\Windows\system32\mswsock.dll
0x750c0000 - 0x750c6000 	C:\Windows\System32\wship6.dll
0x723f0000 - 0x723ff000 	C:\Program Files\Java\jdk1.8.0_45\jre\bin\nio.dll
0x69f20000 - 0x69f50000 	C:\Program Files\Java\jdk1.8.0_45\jre\bin\t2k.dll
0x74b80000 - 0x74c04000 	C:\Windows\WinSxS\x86_microsoft.windows.common-controls_6595b64144ccf1df_5.82.7601.17514_none_ec83dffa859149af\comctl32.dll
0x77620000 - 0x776a3000 	C:\Windows\system32\CLBCatQ.DLL
0x742c0000 - 0x743b5000 	C:\Windows\system32\propsys.dll
0x73ef0000 - 0x73f11000 	C:\Windows\system32\ntmarta.dll
0x76e90000 - 0x76ed5000 	C:\Windows\system32\WLDAP32.dll
0x75590000 - 0x755dc000 	C:\Windows\system32\apphelp.dll
0x6e4c0000 - 0x6e658000 	C:\Windows\system32\NetworkExplorer.dll
0x6f8e0000 - 0x6f90e000 	C:\Windows\System32\shdocvw.dll
0x73c90000 - 0x73c9a000 	C:\Windows\system32\slc.dll
0x71bc0000 - 0x71bd2000 	C:\Windows\system32\MPR.dll
0x71bb0000 - 0x71bb8000 	C:\Windows\System32\drprov.dll
0x74d80000 - 0x74da9000 	C:\Windows\System32\WINSTA.dll
0x71b90000 - 0x71ba4000 	C:\Windows\System32\ntlanman.dll
0x71b70000 - 0x71b87000 	C:\Windows\System32\davclnt.dll
0x71b60000 - 0x71b68000 	C:\Windows\System32\DAVHLPR.dll
0x74c30000 - 0x74c3f000 	C:\Windows\system32\wkscli.dll
0x71b50000 - 0x71b5b000 	C:\Windows\system32\cscapi.dll
0x74c40000 - 0x74c49000 	C:\Windows\system32\netutils.dll
0x695c0000 - 0x697f8000 	C:\Windows\system32\wpdshext.dll
0x740f0000 - 0x74280000 	C:\Windows\WinSxS\x86_microsoft.windows.gdiplus_6595b64144ccf1df_1.1.7601.17514_none_72d18a4386696c80\gdiplus.dll
0x6b3b0000 - 0x6b439000 	C:\Windows\system32\PortableDeviceApi.dll
0x758a0000 - 0x758cd000 	C:\Windows\system32\WINTRUST.dll
0x75710000 - 0x7582d000 	C:\Windows\system32\CRYPT32.dll
0x756d0000 - 0x756dc000 	C:\Windows\system32\MSASN1.dll
0x69a50000 - 0x69a8f000 	C:\Windows\system32\audiodev.dll
0x68e10000 - 0x69077000 	C:\Windows\system32\WMVCore.DLL
0x699f0000 - 0x69a2d000 	C:\Windows\system32\WMASF.DLL
0x6fb70000 - 0x6fba1000 	C:\Windows\system32\EhStorShell.dll
0x699c0000 - 0x699e2000 	C:\Windows\system32\EhStorAPI.dll
0x6f8d0000 - 0x6f8d9000 	C:\Windows\system32\LINKINFO.dll
0x69ab0000 - 0x69ad4000 	C:\Program Files\Java\jdk1.8.0_45\jre\bin\dcpr.dll
0x71a40000 - 0x71b2b000 	C:\Windows\system32\dbghelp.dll

VM Arguments:
jvm_args: -Dfile.encoding=UTF-8 
java_command: codigo.VentanaDibujo
java_class_path (initial): D:\Proyectos Netbeans\DibujaCirculo\build\classes
Launcher Type: SUN_STANDARD

Environment Variables:
PATH=C:\ProgramData\Oracle\Java\javapath;C:\Windows\system32;C:\Windows;C:\Windows\System32\Wbem;C:\Windows\System32\WindowsPowerShell\v1.0\;C:\Program Files\Microsoft SQL Server\110\Tools\Binn\;C:\Program Files\Microsoft\Web Platform Installer\;C:\Program Files\MySQL\MySQL Fabric 1.5 & MySQL Utilities 1.5\;C:\Program Files\MySQL\MySQL Fabric 1.5 & MySQL Utilities 1.5\Doctrine extensions for PHP\
USERNAME=Administrator
OS=Windows_NT
PROCESSOR_IDENTIFIER=x86 Family 6 Model 23 Stepping 6, GenuineIntel



---------------  S Y S T E M  ---------------

OS: Windows 7 Build 7601 (6.1.7601.17514)

CPU:total 2 (2 cores per cpu, 1 threads per core) family 6 model 23 stepping 6, cmov, cx8, fxsr, mmx, sse, sse2, sse3, ssse3, sse4.1, tsc

Memory: 4k page, physical 2096508k(1113416k free), swap 4193016k(2518572k free)

vm_info: Java HotSpot(TM) Client VM (25.45-b02) for windows-x86 JRE (1.8.0_45-b15), built on Apr 30 2015 12:31:00 by "java_re" with MS VC++ 10.0 (VS2010)

time: Fri Feb 26 18:08:56 2016
elapsed time: 109 seconds (0d 0h 1m 49s)

