#
# A fatal error has been detected by the Java Runtime Environment:
#
#  EXCEPTION_ACCESS_VIOLATION (0xc0000005) at pc=0x6897b252, pid=2296, tid=2800
#
# JRE version: Java(TM) SE Runtime Environment (8.0_45-b15) (build 1.8.0_45-b15)
# Java VM: Java HotSpot(TM) Client VM (25.45-b02 mixed mode windows-x86 )
# Problematic frame:
# C  [nvd3dum.dll+0x29b252]
#
# Failed to write core dump. Minidumps are not enabled by default on client versions of Windows
#
# If you would like to submit a bug report, please visit:
#   http://bugreport.java.com/bugreport/crash.jsp
# The crash happened outside the Java Virtual Machine in native code.
# See problematic frame for where to report the bug.
#

---------------  T H R E A D  ---------------

Current thread (0x1428a400):  JavaThread "AWT-Windows" daemon [_thread_in_native, id=2800, stack(0x144b0000,0x14500000)]

siginfo: ExceptionCode=0xc0000005, writing address 0x00688004

Registers:
EAX=0x00688000, EBX=0x152d9340, ECX=0x00000000, EDX=0x00000159
ESP=0x144ff058, EBP=0x144ff064, ESI=0x152d9350, EDI=0x00001001
EIP=0x6897b252, EFLAGS=0x00010202

Top of Stack: (sp=0x144ff058)
0x144ff058:   15230800 00000003 15232f38 144ff084
0x144ff068:   689311c6 152d9340 15230800 00000000
0x144ff078:   170a1974 00000000 00000000 144ff0b0
0x144ff088:   689693c1 152a17c0 152d96c0 00000000
0x144ff098:   00000000 00000000 170a1974 170a0040
0x144ff0a8:   00000000 00000000 144ff0d8 68f67c49
0x144ff0b8:   15230800 170a1974 00000040 00000000
0x144ff0c8:   170a0040 0000001f 00000000 000016f4 

Instructions: (pc=0x6897b252)
0x6897b232:   60 85 01 00 8d 04 b0 8b b3 f0 00 00 00 8b 46 1c
0x6897b242:   57 8b 7e 28 8d 0c 7f 8d 04 c8 33 c9 47 89 7e 28
0x6897b252:   89 48 04 89 48 08 89 48 0c 89 48 10 89 48 14 89
0x6897b262:   08 8b 48 04 33 ca 81 e1 ff ff ff 00 31 48 04 8b 


Register to memory mapping:

EAX=0x00688000 is an unknown value
EBX=0x152d9340 is an unknown value
ECX=0x00000000 is an unknown value
EDX=0x00000159 is an unknown value
ESP=0x144ff058 is pointing into the stack for thread: 0x1428a400
EBP=0x144ff064 is pointing into the stack for thread: 0x1428a400
ESI=0x152d9350 is an unknown value
EDI=0x00001001 is an unknown value


Stack: [0x144b0000,0x14500000],  sp=0x144ff058,  free space=316k
Native frames: (J=compiled Java code, j=interpreted, Vv=VM code, C=native code)
C  [nvd3dum.dll+0x29b252]
C  [nvd3dum.dll+0x2511c6]
C  [nvd3dum.dll+0x2893c1]
C  [d3d9.dll+0x117c49]
C  [d3d9.dll+0x11952a]
C  [d3d9.dll+0xb0f74]
C  [d3d9.dll+0x6aee7]
C  [d3d9.dll+0x362e2]
C  [d3d9.dll+0x36ad4]
C  [awt.dll+0x14b8f]

Java frames: (J=compiled Java code, j=interpreted, Vv=VM code)
j  sun.awt.windows.WToolkit.eventLoop()V+0
j  sun.awt.windows.WToolkit.run()V+58
j  java.lang.Thread.run()V+11
v  ~StubRoutines::call_stub

---------------  P R O C E S S  ---------------

Java Threads: ( => current thread )
  0x14c19c00 JavaThread "D3D Screen Updater" daemon [_thread_blocked, id=2720, stack(0x17d00000,0x17d50000)]
  0x14bd4400 JavaThread "Swing-Shell" daemon [_thread_blocked, id=2400, stack(0x15170000,0x151c0000)]
  0x14a73000 JavaThread "TimerQueue" daemon [_thread_blocked, id=2840, stack(0x14920000,0x14970000)]
  0x0055bc00 JavaThread "DestroyJavaVM" [_thread_blocked, id=1748, stack(0x004f0000,0x00540000)]
  0x149e6400 JavaThread "AWT-EventQueue-0" [_thread_blocked, id=3008, stack(0x15000000,0x15050000)]
=>0x1428a400 JavaThread "AWT-Windows" daemon [_thread_in_native, id=2800, stack(0x144b0000,0x14500000)]
  0x14289800 JavaThread "AWT-Shutdown" [_thread_blocked, id=4044, stack(0x143b0000,0x14400000)]
  0x14286c00 JavaThread "Java2D Disposer" daemon [_thread_in_native, id=3132, stack(0x147f0000,0x14840000)]
  0x14141800 JavaThread "Service Thread" daemon [_thread_blocked, id=1108, stack(0x14720000,0x14770000)]
  0x1413b000 JavaThread "C1 CompilerThread0" daemon [_thread_blocked, id=2388, stack(0x14300000,0x14350000)]
  0x1414c000 JavaThread "Attach Listener" daemon [_thread_blocked, id=920, stack(0x14410000,0x14460000)]
  0x14149000 JavaThread "Signal Dispatcher" daemon [_thread_blocked, id=2680, stack(0x14690000,0x146e0000)]
  0x14101c00 JavaThread "Finalizer" daemon [_thread_blocked, id=3704, stack(0x14460000,0x144b0000)]
  0x140ff800 JavaThread "Reference Handler" daemon [_thread_blocked, id=2960, stack(0x14510000,0x14560000)]

Other Threads:
  0x140fd400 VMThread [stack: 0x14350000,0x143a0000] [id=3596]
  0x14142800 WatcherThread [stack: 0x14620000,0x14670000] [id=3940]

VM state:not at safepoint (normal execution)

VM Mutex/Monitor currently owned by a thread: None

Heap:
 def new generation   total 4928K, used 446K [0x03c00000, 0x04150000, 0x09150000)
  eden space 4416K,   6% used [0x03c00000, 0x03c427a0, 0x04050000)
  from space 512K,  35% used [0x04050000, 0x0407d418, 0x040d0000)
  to   space 512K,   0% used [0x040d0000, 0x040d0000, 0x04150000)
 tenured generation   total 10944K, used 4544K [0x09150000, 0x09c00000, 0x13c00000)
   the space 10944K,  41% used [0x09150000, 0x095c0190, 0x095c0200, 0x09c00000)
 Metaspace       used 9392K, capacity 9589K, committed 9728K, reserved 10624K

Card table byte_map: [0x13c00000,0x13c90000] byte_map_base: 0x13be2000

Polling page: 0x00140000

CodeCache: size=32768Kb used=2430Kb max_used=2430Kb free=30337Kb
 bounds [0x01c00000, 0x01e60000, 0x03c00000]
 total_blobs=1568 nmethods=1321 adapters=177
 compilation: enabled

Compilation events (10 events):
Event: 122.902 Thread 0x1413b000 1324             sun.java2d.SunGraphics2D::makeHints (175 bytes)
Event: 122.903 Thread 0x1413b000 nmethod 1324 0x01e5cf48 code [0x01e5d120, 0x01e5d5fc]
Event: 122.920 Thread 0x1413b000 1325             sun.swing.MenuItemLayoutHelper$LayoutResult::access$900 (5 bytes)
Event: 122.920 Thread 0x1413b000 nmethod 1325 0x01e5df08 code [0x01e5e000, 0x01e5e070]
Event: 122.972 Thread 0x1413b000 1326             java.util.LinkedHashMap::afterNodeRemoval (65 bytes)
Event: 122.972 Thread 0x1413b000 nmethod 1326 0x01e5e0c8 code [0x01e5e1c0, 0x01e5e300]
Event: 123.183 Thread 0x1413b000 1327             java.awt.image.SinglePixelPackedSampleModel::<init> (277 bytes)
Event: 123.185 Thread 0x1413b000 nmethod 1327 0x01e5e408 code [0x01e5e5e0, 0x01e5eda0]
Event: 123.188 Thread 0x1413b000 1328             sun.java2d.DefaultDisposerRecord::dispose (12 bytes)
Event: 123.188 Thread 0x1413b000 nmethod 1328 0x01e5f648 code [0x01e5f740, 0x01e5f7ec]

GC Heap History (10 events):
Event: 105.963 GC heap before
{Heap before GC invocations=9 (full 0):
 def new generation   total 4928K, used 4593K [0x03c00000, 0x04150000, 0x09150000)
  eden space 4416K, 100% used [0x03c00000, 0x04050000, 0x04050000)
  from space 512K,  34% used [0x040d0000, 0x040fc528, 0x04150000)
  to   space 512K,   0% used [0x04050000, 0x04050000, 0x040d0000)
 tenured generation   total 10944K, used 4544K [0x09150000, 0x09c00000, 0x13c00000)
   the space 10944K,  41% used [0x09150000, 0x095c0190, 0x095c0200, 0x09c00000)
 Metaspace       used 9392K, capacity 9589K, committed 9728K, reserved 10624K
Event: 105.965 GC heap after
Heap after GC invocations=10 (full 0):
 def new generation   total 4928K, used 186K [0x03c00000, 0x04150000, 0x09150000)
  eden space 4416K,   0% used [0x03c00000, 0x03c00000, 0x04050000)
  from space 512K,  36% used [0x04050000, 0x0407e988, 0x040d0000)
  to   space 512K,   0% used [0x040d0000, 0x040d0000, 0x04150000)
 tenured generation   total 10944K, used 4544K [0x09150000, 0x09c00000, 0x13c00000)
   the space 10944K,  41% used [0x09150000, 0x095c0190, 0x095c0200, 0x09c00000)
 Metaspace       used 9392K, capacity 9589K, committed 9728K, reserved 10624K
}
Event: 107.005 GC heap before
{Heap before GC invocations=10 (full 0):
 def new generation   total 4928K, used 4602K [0x03c00000, 0x04150000, 0x09150000)
  eden space 4416K, 100% used [0x03c00000, 0x04050000, 0x04050000)
  from space 512K,  36% used [0x04050000, 0x0407e988, 0x040d0000)
  to   space 512K,   0% used [0x040d0000, 0x040d0000, 0x04150000)
 tenured generation   total 10944K, used 4544K [0x09150000, 0x09c00000, 0x13c00000)
   the space 10944K,  41% used [0x09150000, 0x095c0190, 0x095c0200, 0x09c00000)
 Metaspace       used 9392K, capacity 9589K, committed 9728K, reserved 10624K
Event: 107.007 GC heap after
Heap after GC invocations=11 (full 0):
 def new generation   total 4928K, used 181K [0x03c00000, 0x04150000, 0x09150000)
  eden space 4416K,   0% used [0x03c00000, 0x03c00000, 0x04050000)
  from space 512K,  35% used [0x040d0000, 0x040fd488, 0x04150000)
  to   space 512K,   0% used [0x04050000, 0x04050000, 0x040d0000)
 tenured generation   total 10944K, used 4544K [0x09150000, 0x09c00000, 0x13c00000)
   the space 10944K,  41% used [0x09150000, 0x095c0190, 0x095c0200, 0x09c00000)
 Metaspace       used 9392K, capacity 9589K, committed 9728K, reserved 10624K
}
Event: 107.457 GC heap before
{Heap before GC invocations=11 (full 0):
 def new generation   total 4928K, used 4597K [0x03c00000, 0x04150000, 0x09150000)
  eden space 4416K, 100% used [0x03c00000, 0x04050000, 0x04050000)
  from space 512K,  35% used [0x040d0000, 0x040fd488, 0x04150000)
  to   space 512K,   0% used [0x04050000, 0x04050000, 0x040d0000)
 tenured generation   total 10944K, used 4544K [0x09150000, 0x09c00000, 0x13c00000)
   the space 10944K,  41% used [0x09150000, 0x095c0190, 0x095c0200, 0x09c00000)
 Metaspace       used 9392K, capacity 9589K, committed 9728K, reserved 10624K
Event: 107.459 GC heap after
Heap after GC invocations=12 (full 0):
 def new generation   total 4928K, used 175K [0x03c00000, 0x04150000, 0x09150000)
  eden space 4416K,   0% used [0x03c00000, 0x03c00000, 0x04050000)
  from space 512K,  34% used [0x04050000, 0x0407bea8, 0x040d0000)
  to   space 512K,   0% used [0x040d0000, 0x040d0000, 0x04150000)
 tenured generation   total 10944K, used 4544K [0x09150000, 0x09c00000, 0x13c00000)
   the space 10944K,  41% used [0x09150000, 0x095c0190, 0x095c0200, 0x09c00000)
 Metaspace       used 9392K, capacity 9589K, committed 9728K, reserved 10624K
}
Event: 122.716 GC heap before
{Heap before GC invocations=12 (full 0):
 def new generation   total 4928K, used 4591K [0x03c00000, 0x04150000, 0x09150000)
  eden space 4416K, 100% used [0x03c00000, 0x04050000, 0x04050000)
  from space 512K,  34% used [0x04050000, 0x0407bea8, 0x040d0000)
  to   space 512K,   0% used [0x040d0000, 0x040d0000, 0x04150000)
 tenured generation   total 10944K, used 4544K [0x09150000, 0x09c00000, 0x13c00000)
   the space 10944K,  41% used [0x09150000, 0x095c0190, 0x095c0200, 0x09c00000)
 Metaspace       used 9392K, capacity 9589K, committed 9728K, reserved 10624K
Event: 122.718 GC heap after
Heap after GC invocations=13 (full 0):
 def new generation   total 4928K, used 193K [0x03c00000, 0x04150000, 0x09150000)
  eden space 4416K,   0% used [0x03c00000, 0x03c00000, 0x04050000)
  from space 512K,  37% used [0x040d0000, 0x04100670, 0x04150000)
  to   space 512K,   0% used [0x04050000, 0x04050000, 0x040d0000)
 tenured generation   total 10944K, used 4544K [0x09150000, 0x09c00000, 0x13c00000)
   the space 10944K,  41% used [0x09150000, 0x095c0190, 0x095c0200, 0x09c00000)
 Metaspace       used 9392K, capacity 9589K, committed 9728K, reserved 10624K
}
Event: 123.181 GC heap before
{Heap before GC invocations=13 (full 0):
 def new generation   total 4928K, used 4609K [0x03c00000, 0x04150000, 0x09150000)
  eden space 4416K, 100% used [0x03c00000, 0x04050000, 0x04050000)
  from space 512K,  37% used [0x040d0000, 0x04100670, 0x04150000)
  to   space 512K,   0% used [0x04050000, 0x04050000, 0x040d0000)
 tenured generation   total 10944K, used 4544K [0x09150000, 0x09c00000, 0x13c00000)
   the space 10944K,  41% used [0x09150000, 0x095c0190, 0x095c0200, 0x09c00000)
 Metaspace       used 9392K, capacity 9589K, committed 9728K, reserved 10624K
Event: 123.183 GC heap after
Heap after GC invocations=14 (full 0):
 def new generation   total 4928K, used 181K [0x03c00000, 0x04150000, 0x09150000)
  eden space 4416K,   0% used [0x03c00000, 0x03c00000, 0x04050000)
  from space 512K,  35% used [0x04050000, 0x0407d418, 0x040d0000)
  to   space 512K,   0% used [0x040d0000, 0x040d0000, 0x04150000)
 tenured generation   total 10944K, used 4544K [0x09150000, 0x09c00000, 0x13c00000)
   the space 10944K,  41% used [0x09150000, 0x095c0190, 0x095c0200, 0x09c00000)
 Metaspace       used 9392K, capacity 9589K, committed 9728K, reserved 10624K
}

Deoptimization events (0 events):
No events

Internal exceptions (10 events):
Event: 0.272 Thread 0x0055bc00 Exception <a 'java/lang/ClassNotFoundException': javax/swing/JToolBarSeparator> (0x03ea2eb0) thrown at [C:\re\workspace\8-2-build-windows-i586-cygwin\jdk8u45\3627\hotspot\src\share\vm\classfile\systemDictionary.cpp, line 210]
Event: 0.272 Thread 0x0055bc00 Exception <a 'java/lang/ClassNotFoundException': ToolBarSeparator> (0x03ea32b8) thrown at [C:\re\workspace\8-2-build-windows-i586-cygwin\jdk8u45\3627\hotspot\src\share\vm\classfile\systemDictionary.cpp, line 210]
Event: 0.272 Thread 0x0055bc00 Exception <a 'java/lang/ClassNotFoundException': ToolTip> (0x03ea3910) thrown at [C:\re\workspace\8-2-build-windows-i586-cygwin\jdk8u45\3627\hotspot\src\share\vm\classfile\systemDictionary.cpp, line 210]
Event: 0.273 Thread 0x0055bc00 Exception <a 'java/lang/ClassNotFoundException': Tree> (0x03ea43a8) thrown at [C:\re\workspace\8-2-build-windows-i586-cygwin\jdk8u45\3627\hotspot\src\share\vm\classfile\systemDictionary.cpp, line 210]
Event: 0.273 Thread 0x0055bc00 Exception <a 'java/lang/ClassNotFoundException': Tree> (0x03ea4a18) thrown at [C:\re\workspace\8-2-build-windows-i586-cygwin\jdk8u45\3627\hotspot\src\share\vm\classfile\systemDictionary.cpp, line 210]
Event: 0.273 Thread 0x0055bc00 Exception <a 'java/lang/ClassNotFoundException': javax/swing/JTreeCell> (0x03ea4d00) thrown at [C:\re\workspace\8-2-build-windows-i586-cygwin\jdk8u45\3627\hotspot\src\share\vm\classfile\systemDictionary.cpp, line 210]
Event: 0.273 Thread 0x0055bc00 Exception <a 'java/lang/ClassNotFoundException': TreeCell> (0x03ea50f8) thrown at [C:\re\workspace\8-2-build-windows-i586-cygwin\jdk8u45\3627\hotspot\src\share\vm\classfile\systemDictionary.cpp, line 210]
Event: 0.274 Thread 0x0055bc00 Exception <a 'java/lang/ClassNotFoundException': RootPane> (0x03ea5a20) thrown at [C:\re\workspace\8-2-build-windows-i586-cygwin\jdk8u45\3627\hotspot\src\share\vm\classfile\systemDictionary.cpp, line 210]
Event: 80.862 Thread 0x149e6400 Implicit null exception at 0x01dfcdbf to 0x01dfe63c
Event: 80.862 Thread 0x149e6400 Implicit null exception at 0x01dfcdbf to 0x01dfe63c

Events (10 events):
Event: 107.005 Executing VM operation: GenCollectForAllocation
Event: 107.007 Executing VM operation: GenCollectForAllocation done
Event: 107.456 Executing VM operation: GenCollectForAllocation
Event: 107.459 Executing VM operation: GenCollectForAllocation done
Event: 115.311 Executing VM operation: BulkRevokeBias
Event: 115.311 Executing VM operation: BulkRevokeBias done
Event: 122.716 Executing VM operation: GenCollectForAllocation
Event: 122.718 Executing VM operation: GenCollectForAllocation done
Event: 123.181 Executing VM operation: GenCollectForAllocation
Event: 123.183 Executing VM operation: GenCollectForAllocation done


Dynamic libraries:
0x00cf0000 - 0x00d23000 	C:\Program Files\Java\jdk1.8.0_45\bin\java.exe
0x77610000 - 0x7774c000 	C:\Windows\SYSTEM32\ntdll.dll
0x76ee0000 - 0x76fb4000 	C:\Windows\system32\kernel32.dll
0x75830000 - 0x7587a000 	C:\Windows\system32\KERNELBASE.dll
0x77360000 - 0x77400000 	C:\Windows\system32\ADVAPI32.dll
0x76c70000 - 0x76d1c000 	C:\Windows\system32\msvcrt.dll
0x77790000 - 0x777a9000 	C:\Windows\SYSTEM32\sechost.dll
0x77400000 - 0x774a1000 	C:\Windows\system32\RPCRT4.dll
0x76fc0000 - 0x77089000 	C:\Windows\system32\USER32.dll
0x75b80000 - 0x75bce000 	C:\Windows\system32\GDI32.dll
0x76b30000 - 0x76b3a000 	C:\Windows\system32\LPK.dll
0x76bd0000 - 0x76c6d000 	C:\Windows\system32\USP10.dll
0x74710000 - 0x748ae000 	C:\Windows\WinSxS\x86_microsoft.windows.common-controls_6595b64144ccf1df_6.0.7601.17514_none_41e6975e2bd6f2b2\COMCTL32.dll
0x77230000 - 0x77287000 	C:\Windows\system32\SHLWAPI.dll
0x75d60000 - 0x75d7f000 	C:\Windows\system32\IMM32.DLL
0x77290000 - 0x7735c000 	C:\Windows\system32\MSCTF.dll
0x71c20000 - 0x71cdf000 	C:\Program Files\Java\jdk1.8.0_45\jre\bin\msvcr100.dll
0x69fd0000 - 0x6a390000 	C:\Program Files\Java\jdk1.8.0_45\jre\bin\client\jvm.dll
0x74d60000 - 0x74d67000 	C:\Windows\system32\WSOCK32.dll
0x75b40000 - 0x75b75000 	C:\Windows\system32\WS2_32.dll
0x75bd0000 - 0x75bd6000 	C:\Windows\system32\NSI.dll
0x740a0000 - 0x740d2000 	C:\Windows\system32\WINMM.dll
0x74d70000 - 0x74d79000 	C:\Windows\system32\VERSION.dll
0x77780000 - 0x77785000 	C:\Windows\system32\PSAPI.DLL
0x71bd0000 - 0x71bdc000 	C:\Program Files\Java\jdk1.8.0_45\jre\bin\verify.dll
0x69fa0000 - 0x69fc1000 	C:\Program Files\Java\jdk1.8.0_45\jre\bin\java.dll
0x69f80000 - 0x69f93000 	C:\Program Files\Java\jdk1.8.0_45\jre\bin\zip.dll
0x75ee0000 - 0x76b2a000 	C:\Windows\system32\SHELL32.dll
0x75d80000 - 0x75edc000 	C:\Windows\system32\ole32.dll
0x757b0000 - 0x757bb000 	C:\Windows\system32\profapi.dll
0x69e10000 - 0x69f55000 	C:\Program Files\Java\jdk1.8.0_45\jre\bin\awt.dll
0x75ab0000 - 0x75b3f000 	C:\Windows\system32\OLEAUT32.dll
0x74360000 - 0x743a0000 	C:\Windows\system32\uxtheme.dll
0x73e80000 - 0x73e93000 	C:\Windows\system32\dwmapi.dll
0x75730000 - 0x7573c000 	C:\Windows\system32\CRYPTBASE.dll
0x69dd0000 - 0x69e09000 	C:\Program Files\Java\jdk1.8.0_45\jre\bin\fontmanager.dll
0x68e50000 - 0x69013000 	C:\Windows\system32\d3d9.dll
0x73c20000 - 0x73c26000 	C:\Windows\system32\d3d8thk.dll
0x686e0000 - 0x68e43000 	C:\Windows\system32\nvd3dum.dll
0x743e0000 - 0x74405000 	C:\Windows\system32\powrprof.dll
0x77090000 - 0x7722d000 	C:\Windows\system32\SETUPAPI.dll
0x759a0000 - 0x759c7000 	C:\Windows\system32\CFGMGR32.dll
0x75a90000 - 0x75aa2000 	C:\Windows\system32\DEVOBJ.dll
0x69f60000 - 0x69f75000 	C:\Program Files\Java\jdk1.8.0_45\jre\bin\net.dll
0x75220000 - 0x7525c000 	C:\Windows\system32\mswsock.dll
0x75210000 - 0x75216000 	C:\Windows\System32\wship6.dll
0x72320000 - 0x7232f000 	C:\Program Files\Java\jdk1.8.0_45\jre\bin\nio.dll
0x69da0000 - 0x69dd0000 	C:\Program Files\Java\jdk1.8.0_45\jre\bin\t2k.dll
0x74cd0000 - 0x74d54000 	C:\Windows\WinSxS\x86_microsoft.windows.common-controls_6595b64144ccf1df_5.82.7601.17514_none_ec83dffa859149af\comctl32.dll
0x76b40000 - 0x76bc3000 	C:\Windows\system32\CLBCatQ.DLL
0x74490000 - 0x74585000 	C:\Windows\system32\propsys.dll
0x73fc0000 - 0x73fe1000 	C:\Windows\system32\ntmarta.dll
0x774b0000 - 0x774f5000 	C:\Windows\system32\WLDAP32.dll
0x756e0000 - 0x7572c000 	C:\Windows\system32\apphelp.dll
0x6e440000 - 0x6e5d8000 	C:\Windows\system32\NetworkExplorer.dll
0x6f640000 - 0x6f66e000 	C:\Windows\System32\shdocvw.dll
0x73de0000 - 0x73dea000 	C:\Windows\system32\slc.dll
0x71970000 - 0x71982000 	C:\Windows\system32\MPR.dll
0x71960000 - 0x71968000 	C:\Windows\System32\drprov.dll
0x74ed0000 - 0x74ef9000 	C:\Windows\System32\WINSTA.dll
0x71940000 - 0x71954000 	C:\Windows\System32\ntlanman.dll
0x71910000 - 0x71927000 	C:\Windows\System32\davclnt.dll
0x71900000 - 0x71908000 	C:\Windows\System32\DAVHLPR.dll
0x74d80000 - 0x74d8f000 	C:\Windows\system32\wkscli.dll
0x718f0000 - 0x718fb000 	C:\Windows\system32\cscapi.dll
0x74d90000 - 0x74d99000 	C:\Windows\system32\netutils.dll
0x684a0000 - 0x686d8000 	C:\Windows\system32\wpdshext.dll
0x741d0000 - 0x74360000 	C:\Windows\WinSxS\x86_microsoft.windows.gdiplus_6595b64144ccf1df_1.1.7601.17514_none_72d18a4386696c80\gdiplus.dll
0x6b4f0000 - 0x6b579000 	C:\Windows\system32\PortableDeviceApi.dll
0x75a60000 - 0x75a8d000 	C:\Windows\system32\WINTRUST.dll
0x75880000 - 0x7599d000 	C:\Windows\system32\CRYPT32.dll
0x75820000 - 0x7582c000 	C:\Windows\system32\MSASN1.dll
0x73be0000 - 0x73c1f000 	C:\Windows\system32\audiodev.dll
0x68110000 - 0x68377000 	C:\Windows\system32\WMVCore.DLL
0x73ba0000 - 0x73bdd000 	C:\Windows\system32\WMASF.DLL
0x6fb00000 - 0x6fb31000 	C:\Windows\system32\EhStorShell.dll
0x73b70000 - 0x73b92000 	C:\Windows\system32\EhStorAPI.dll
0x6f630000 - 0x6f639000 	C:\Windows\system32\LINKINFO.dll
0x69d70000 - 0x69d94000 	C:\Program Files\Java\jdk1.8.0_45\jre\bin\dcpr.dll
0x73cb0000 - 0x73dab000 	C:\Windows\system32\WindowsCodecs.dll
0x6fa90000 - 0x6fb00000 	C:\Windows\system32\ntshrui.dll
0x75630000 - 0x75649000 	C:\Windows\system32\srvcli.dll
0x71770000 - 0x7185b000 	C:\Windows\system32\dbghelp.dll

VM Arguments:
jvm_args: -Dfile.encoding=UTF-8 
java_command: codigo.VentanaDibujo
java_class_path (initial): D:\Proyectos Netbeans\Paint - Carlos Hernández\build\classes
Launcher Type: SUN_STANDARD

Environment Variables:
PATH=C:\ProgramData\Oracle\Java\javapath;C:\Windows\system32;C:\Windows;C:\Windows\System32\Wbem;C:\Windows\System32\WindowsPowerShell\v1.0\;C:\Program Files\Microsoft SQL Server\110\Tools\Binn\;C:\Program Files\Microsoft\Web Platform Installer\;C:\Program Files\MySQL\MySQL Fabric 1.5 & MySQL Utilities 1.5\;C:\Program Files\MySQL\MySQL Fabric 1.5 & MySQL Utilities 1.5\Doctrine extensions for PHP\
USERNAME=Administrator
OS=Windows_NT
PROCESSOR_IDENTIFIER=x86 Family 6 Model 23 Stepping 6, GenuineIntel



---------------  S Y S T E M  ---------------

OS: Windows 7 Build 7601 (6.1.7601.17514)

CPU:total 2 (2 cores per cpu, 1 threads per core) family 6 model 23 stepping 6, cmov, cx8, fxsr, mmx, sse, sse2, sse3, ssse3, sse4.1, tsc

Memory: 4k page, physical 2096508k(1015412k free), swap 4193016k(2469076k free)

vm_info: Java HotSpot(TM) Client VM (25.45-b02) for windows-x86 JRE (1.8.0_45-b15), built on Apr 30 2015 12:31:00 by "java_re" with MS VC++ 10.0 (VS2010)

time: Wed Mar 02 16:51:28 2016
elapsed time: 123 seconds (0d 0h 2m 3s)

