#
# A fatal error has been detected by the Java Runtime Environment:
#
#  EXCEPTION_ACCESS_VIOLATION (0xc0000005) at pc=0x67eab252, pid=3892, tid=2888
#
# JRE version: Java(TM) SE Runtime Environment (8.0_45-b15) (build 1.8.0_45-b15)
# Java VM: Java HotSpot(TM) Client VM (25.45-b02 mixed mode windows-x86 )
# Problematic frame:
# C  [nvd3dum.dll+0x29b252]
#
# Failed to write core dump. Minidumps are not enabled by default on client versions of Windows
#
# If you would like to submit a bug report, please visit:
#   http://bugreport.java.com/bugreport/crash.jsp
# The crash happened outside the Java Virtual Machine in native code.
# See problematic frame for where to report the bug.
#

---------------  T H R E A D  ---------------

Current thread (0x143fa000):  JavaThread "AWT-Windows" daemon [_thread_in_native, id=2888, stack(0x14940000,0x14990000)]

siginfo: ExceptionCode=0xc0000005, writing address 0x03d38004

Registers:
EAX=0x03d38000, EBX=0x15399340, ECX=0x00000000, EDX=0x00000158
ESP=0x1498eed8, EBP=0x1498eee4, ESI=0x15399350, EDI=0x00001001
EIP=0x67eab252, EFLAGS=0x00010202

Top of Stack: (sp=0x1498eed8)
0x1498eed8:   152f0800 00000002 152f2f24 1498ef04
0x1498eee8:   67e611c6 15399340 152f0800 00000000
0x1498eef8:   17220408 00000000 00000000 1498ef30
0x1498ef08:   67e993c1 153617c0 153996c0 00000000
0x1498ef18:   00000000 00000000 17220408 17160040
0x1498ef28:   00000000 00000000 1498ef58 68ab7c49
0x1498ef38:   152f0800 17220408 00000040 00000000
0x1498ef48:   17160040 0000001f 00000000 00000144 

Instructions: (pc=0x67eab252)
0x67eab232:   60 85 01 00 8d 04 b0 8b b3 f0 00 00 00 8b 46 1c
0x67eab242:   57 8b 7e 28 8d 0c 7f 8d 04 c8 33 c9 47 89 7e 28
0x67eab252:   89 48 04 89 48 08 89 48 0c 89 48 10 89 48 14 89
0x67eab262:   08 8b 48 04 33 ca 81 e1 ff ff ff 00 31 48 04 8b 


Register to memory mapping:

EAX=0x03d38000 is an unknown value
EBX=0x15399340 is an unknown value
ECX=0x00000000 is an unknown value
EDX=0x00000158 is an unknown value
ESP=0x1498eed8 is pointing into the stack for thread: 0x143fa000
EBP=0x1498eee4 is pointing into the stack for thread: 0x143fa000
ESI=0x15399350 is an unknown value
EDI=0x00001001 is an unknown value


Stack: [0x14940000,0x14990000],  sp=0x1498eed8,  free space=315k
Native frames: (J=compiled Java code, j=interpreted, Vv=VM code, C=native code)
C  [nvd3dum.dll+0x29b252]
C  [nvd3dum.dll+0x2511c6]
C  [nvd3dum.dll+0x2893c1]
C  [d3d9.dll+0x117c49]
C  [d3d9.dll+0x11952a]
C  [d3d9.dll+0xb0f74]
C  [d3d9.dll+0x6aee7]
C  [d3d9.dll+0x362e2]
C  [d3d9.dll+0x36ad4]
C  [awt.dll+0x14b8f]

Java frames: (J=compiled Java code, j=interpreted, Vv=VM code)
j  sun.awt.windows.WToolkit.eventLoop()V+0
j  sun.awt.windows.WToolkit.run()V+58
j  java.lang.Thread.run()V+11
v  ~StubRoutines::call_stub

---------------  P R O C E S S  ---------------

Java Threads: ( => current thread )
  0x14e59400 JavaThread "D3D Screen Updater" daemon [_thread_blocked, id=2468, stack(0x17cc0000,0x17d10000)]
  0x14e11000 JavaThread "Swing-Shell" daemon [_thread_blocked, id=3072, stack(0x14680000,0x146d0000)]
  0x14cafc00 JavaThread "TimerQueue" daemon [_thread_blocked, id=2964, stack(0x15210000,0x15260000)]
  0x0193bc00 JavaThread "DestroyJavaVM" [_thread_blocked, id=3968, stack(0x019b0000,0x01a00000)]
  0x14455400 JavaThread "AWT-EventQueue-0" [_thread_blocked, id=2792, stack(0x150b0000,0x15100000)]
=>0x143fa000 JavaThread "AWT-Windows" daemon [_thread_in_native, id=2888, stack(0x14940000,0x14990000)]
  0x143f9400 JavaThread "AWT-Shutdown" [_thread_blocked, id=3988, stack(0x01940000,0x01990000)]
  0x143f6800 JavaThread "Java2D Disposer" daemon [_thread_in_native, id=1944, stack(0x14620000,0x14670000)]
  0x142b1400 JavaThread "Service Thread" daemon [_thread_blocked, id=3240, stack(0x03cd0000,0x03d20000)]
  0x142aac00 JavaThread "C1 CompilerThread0" daemon [_thread_blocked, id=2724, stack(0x146d0000,0x14720000)]
  0x142bc000 JavaThread "Attach Listener" daemon [_thread_blocked, id=2696, stack(0x145d0000,0x14620000)]
  0x142b9000 JavaThread "Signal Dispatcher" daemon [_thread_blocked, id=3204, stack(0x14550000,0x145a0000)]
  0x14275400 JavaThread "Finalizer" daemon [_thread_blocked, id=1272, stack(0x14500000,0x14550000)]
  0x1426f800 JavaThread "Reference Handler" daemon [_thread_blocked, id=3620, stack(0x144a0000,0x144f0000)]

Other Threads:
  0x1426d400 VMThread [stack: 0x03d50000,0x03da0000] [id=3840]
  0x142b2400 WatcherThread [stack: 0x14820000,0x14870000] [id=3124]

VM state:not at safepoint (normal execution)

VM Mutex/Monitor currently owned by a thread: None

Heap:
 def new generation   total 4928K, used 282K [0x03e00000, 0x04350000, 0x09350000)
  eden space 4416K,   4% used [0x03e00000, 0x03e2de18, 0x04250000)
  from space 512K,  19% used [0x04250000, 0x04268c18, 0x042d0000)
  to   space 512K,   0% used [0x042d0000, 0x042d0000, 0x04350000)
 tenured generation   total 10944K, used 4552K [0x09350000, 0x09e00000, 0x13e00000)
   the space 10944K,  41% used [0x09350000, 0x097c2048, 0x097c2200, 0x09e00000)
 Metaspace       used 9263K, capacity 9453K, committed 9600K, reserved 9600K

Card table byte_map: [0x018a0000,0x01930000] byte_map_base: 0x01881000

Polling page: 0x00260000

CodeCache: size=32768Kb used=2178Kb max_used=2178Kb free=30589Kb
 bounds [0x01cd0000, 0x01ef8000, 0x03cd0000]
 total_blobs=1451 nmethods=1208 adapters=173
 compilation: enabled

Compilation events (10 events):
Event: 25.795 Thread 0x142aac00 1211             java.awt.Component::location_NoClientCode (16 bytes)
Event: 25.795 Thread 0x142aac00 nmethod 1211 0x01eef188 code [0x01eef280, 0x01eef340]
Event: 25.795 Thread 0x142aac00 1212   !         sun.awt.GlobalCursorManager::_updateCursor (165 bytes)
Event: 25.796 Thread 0x142aac00 nmethod 1212 0x01eef3c8 code [0x01eef590, 0x01eefbc8]
Event: 25.796 Thread 0x142aac00 1213             java.awt.Window::isRecursivelyVisible (5 bytes)
Event: 25.796 Thread 0x142aac00 nmethod 1213 0x01ef03c8 code [0x01ef04c0, 0x01ef0540]
Event: 25.796 Thread 0x142aac00 1214             sun.awt.windows.WObjectPeer::getPeerForTarget (10 bytes)
Event: 25.797 Thread 0x142aac00 nmethod 1214 0x01ef0588 code [0x01ef06a0, 0x01ef07d8]
Event: 25.797 Thread 0x142aac00 1215   !         sun.awt.AWTAutoShutdown::getPeer (43 bytes)
Event: 25.797 Thread 0x142aac00 nmethod 1215 0x01ef0948 code [0x01ef0a60, 0x01ef0dfc]

GC Heap History (10 events):
Event: 22.998 GC heap before
{Heap before GC invocations=11 (full 0):
 def new generation   total 4928K, used 4511K [0x03e00000, 0x04350000, 0x09350000)
  eden space 4416K, 100% used [0x03e00000, 0x04250000, 0x04250000)
  from space 512K,  18% used [0x042d0000, 0x042e7e40, 0x04350000)
  to   space 512K,   0% used [0x04250000, 0x04250000, 0x042d0000)
 tenured generation   total 10944K, used 4552K [0x09350000, 0x09e00000, 0x13e00000)
   the space 10944K,  41% used [0x09350000, 0x097c2048, 0x097c2200, 0x09e00000)
 Metaspace       used 9263K, capacity 9453K, committed 9600K, reserved 9600K
Event: 23.000 GC heap after
Heap after GC invocations=12 (full 0):
 def new generation   total 4928K, used 104K [0x03e00000, 0x04350000, 0x09350000)
  eden space 4416K,   0% used [0x03e00000, 0x03e00000, 0x04250000)
  from space 512K,  20% used [0x04250000, 0x0426a288, 0x042d0000)
  to   space 512K,   0% used [0x042d0000, 0x042d0000, 0x04350000)
 tenured generation   total 10944K, used 4552K [0x09350000, 0x09e00000, 0x13e00000)
   the space 10944K,  41% used [0x09350000, 0x097c2048, 0x097c2200, 0x09e00000)
 Metaspace       used 9263K, capacity 9453K, committed 9600K, reserved 9600K
}
Event: 23.578 GC heap before
{Heap before GC invocations=12 (full 0):
 def new generation   total 4928K, used 4520K [0x03e00000, 0x04350000, 0x09350000)
  eden space 4416K, 100% used [0x03e00000, 0x04250000, 0x04250000)
  from space 512K,  20% used [0x04250000, 0x0426a288, 0x042d0000)
  to   space 512K,   0% used [0x042d0000, 0x042d0000, 0x04350000)
 tenured generation   total 10944K, used 4552K [0x09350000, 0x09e00000, 0x13e00000)
   the space 10944K,  41% used [0x09350000, 0x097c2048, 0x097c2200, 0x09e00000)
 Metaspace       used 9263K, capacity 9453K, committed 9600K, reserved 9600K
Event: 23.580 GC heap after
Heap after GC invocations=13 (full 0):
 def new generation   total 4928K, used 98K [0x03e00000, 0x04350000, 0x09350000)
  eden space 4416K,   0% used [0x03e00000, 0x03e00000, 0x04250000)
  from space 512K,  19% used [0x042d0000, 0x042e8a78, 0x04350000)
  to   space 512K,   0% used [0x04250000, 0x04250000, 0x042d0000)
 tenured generation   total 10944K, used 4552K [0x09350000, 0x09e00000, 0x13e00000)
   the space 10944K,  41% used [0x09350000, 0x097c2048, 0x097c2200, 0x09e00000)
 Metaspace       used 9263K, capacity 9453K, committed 9600K, reserved 9600K
}
Event: 24.333 GC heap before
{Heap before GC invocations=13 (full 0):
 def new generation   total 4928K, used 4514K [0x03e00000, 0x04350000, 0x09350000)
  eden space 4416K, 100% used [0x03e00000, 0x04250000, 0x04250000)
  from space 512K,  19% used [0x042d0000, 0x042e8a78, 0x04350000)
  to   space 512K,   0% used [0x04250000, 0x04250000, 0x042d0000)
 tenured generation   total 10944K, used 4552K [0x09350000, 0x09e00000, 0x13e00000)
   the space 10944K,  41% used [0x09350000, 0x097c2048, 0x097c2200, 0x09e00000)
 Metaspace       used 9263K, capacity 9453K, committed 9600K, reserved 9600K
Event: 24.334 GC heap after
Heap after GC invocations=14 (full 0):
 def new generation   total 4928K, used 102K [0x03e00000, 0x04350000, 0x09350000)
  eden space 4416K,   0% used [0x03e00000, 0x03e00000, 0x04250000)
  from space 512K,  19% used [0x04250000, 0x04269890, 0x042d0000)
  to   space 512K,   0% used [0x042d0000, 0x042d0000, 0x04350000)
 tenured generation   total 10944K, used 4552K [0x09350000, 0x09e00000, 0x13e00000)
   the space 10944K,  41% used [0x09350000, 0x097c2048, 0x097c2200, 0x09e00000)
 Metaspace       used 9263K, capacity 9453K, committed 9600K, reserved 9600K
}
Event: 25.202 GC heap before
{Heap before GC invocations=14 (full 0):
 def new generation   total 4928K, used 4518K [0x03e00000, 0x04350000, 0x09350000)
  eden space 4416K, 100% used [0x03e00000, 0x04250000, 0x04250000)
  from space 512K,  19% used [0x04250000, 0x04269890, 0x042d0000)
  to   space 512K,   0% used [0x042d0000, 0x042d0000, 0x04350000)
 tenured generation   total 10944K, used 4552K [0x09350000, 0x09e00000, 0x13e00000)
   the space 10944K,  41% used [0x09350000, 0x097c2048, 0x097c2200, 0x09e00000)
 Metaspace       used 9263K, capacity 9453K, committed 9600K, reserved 9600K
Event: 25.204 GC heap after
Heap after GC invocations=15 (full 0):
 def new generation   total 4928K, used 105K [0x03e00000, 0x04350000, 0x09350000)
  eden space 4416K,   0% used [0x03e00000, 0x03e00000, 0x04250000)
  from space 512K,  20% used [0x042d0000, 0x042ea4d0, 0x04350000)
  to   space 512K,   0% used [0x04250000, 0x04250000, 0x042d0000)
 tenured generation   total 10944K, used 4552K [0x09350000, 0x09e00000, 0x13e00000)
   the space 10944K,  41% used [0x09350000, 0x097c2048, 0x097c2200, 0x09e00000)
 Metaspace       used 9263K, capacity 9453K, committed 9600K, reserved 9600K
}
Event: 25.947 GC heap before
{Heap before GC invocations=15 (full 0):
 def new generation   total 4928K, used 4521K [0x03e00000, 0x04350000, 0x09350000)
  eden space 4416K, 100% used [0x03e00000, 0x04250000, 0x04250000)
  from space 512K,  20% used [0x042d0000, 0x042ea4d0, 0x04350000)
  to   space 512K,   0% used [0x04250000, 0x04250000, 0x042d0000)
 tenured generation   total 10944K, used 4552K [0x09350000, 0x09e00000, 0x13e00000)
   the space 10944K,  41% used [0x09350000, 0x097c2048, 0x097c2200, 0x09e00000)
 Metaspace       used 9263K, capacity 9453K, committed 9600K, reserved 9600K
Event: 25.949 GC heap after
Heap after GC invocations=16 (full 0):
 def new generation   total 4928K, used 99K [0x03e00000, 0x04350000, 0x09350000)
  eden space 4416K,   0% used [0x03e00000, 0x03e00000, 0x04250000)
  from space 512K,  19% used [0x04250000, 0x04268c18, 0x042d0000)
  to   space 512K,   0% used [0x042d0000, 0x042d0000, 0x04350000)
 tenured generation   total 10944K, used 4552K [0x09350000, 0x09e00000, 0x13e00000)
   the space 10944K,  41% used [0x09350000, 0x097c2048, 0x097c2200, 0x09e00000)
 Metaspace       used 9263K, capacity 9453K, committed 9600K, reserved 9600K
}

Deoptimization events (0 events):
No events

Internal exceptions (10 events):
Event: 0.279 Thread 0x0193bc00 Exception <a 'java/lang/ClassNotFoundException': ToolBar> (0x040b88a0) thrown at [C:\re\workspace\8-2-build-windows-i586-cygwin\jdk8u45\3627\hotspot\src\share\vm\classfile\systemDictionary.cpp, line 210]
Event: 0.279 Thread 0x0193bc00 Exception <a 'java/lang/ClassNotFoundException': ToggleButton> (0x040b8d98) thrown at [C:\re\workspace\8-2-build-windows-i586-cygwin\jdk8u45\3627\hotspot\src\share\vm\classfile\systemDictionary.cpp, line 210]
Event: 0.279 Thread 0x0193bc00 Exception <a 'java/lang/ClassNotFoundException': javax/swing/JToolBarSeparator> (0x040b9150) thrown at [C:\re\workspace\8-2-build-windows-i586-cygwin\jdk8u45\3627\hotspot\src\share\vm\classfile\systemDictionary.cpp, line 210]
Event: 0.279 Thread 0x0193bc00 Exception <a 'java/lang/ClassNotFoundException': ToolBarSeparator> (0x040b9558) thrown at [C:\re\workspace\8-2-build-windows-i586-cygwin\jdk8u45\3627\hotspot\src\share\vm\classfile\systemDictionary.cpp, line 210]
Event: 0.279 Thread 0x0193bc00 Exception <a 'java/lang/ClassNotFoundException': ToolTip> (0x040b9bb0) thrown at [C:\re\workspace\8-2-build-windows-i586-cygwin\jdk8u45\3627\hotspot\src\share\vm\classfile\systemDictionary.cpp, line 210]
Event: 0.280 Thread 0x0193bc00 Exception <a 'java/lang/ClassNotFoundException': Tree> (0x040ba648) thrown at [C:\re\workspace\8-2-build-windows-i586-cygwin\jdk8u45\3627\hotspot\src\share\vm\classfile\systemDictionary.cpp, line 210]
Event: 0.281 Thread 0x0193bc00 Exception <a 'java/lang/ClassNotFoundException': Tree> (0x040bacb8) thrown at [C:\re\workspace\8-2-build-windows-i586-cygwin\jdk8u45\3627\hotspot\src\share\vm\classfile\systemDictionary.cpp, line 210]
Event: 0.281 Thread 0x0193bc00 Exception <a 'java/lang/ClassNotFoundException': javax/swing/JTreeCell> (0x040bafa0) thrown at [C:\re\workspace\8-2-build-windows-i586-cygwin\jdk8u45\3627\hotspot\src\share\vm\classfile\systemDictionary.cpp, line 210]
Event: 0.281 Thread 0x0193bc00 Exception <a 'java/lang/ClassNotFoundException': TreeCell> (0x040bb398) thrown at [C:\re\workspace\8-2-build-windows-i586-cygwin\jdk8u45\3627\hotspot\src\share\vm\classfile\systemDictionary.cpp, line 210]
Event: 0.281 Thread 0x0193bc00 Exception <a 'java/lang/ClassNotFoundException': RootPane> (0x040bbcc0) thrown at [C:\re\workspace\8-2-build-windows-i586-cygwin\jdk8u45\3627\hotspot\src\share\vm\classfile\systemDictionary.cpp, line 210]

Events (10 events):
Event: 22.998 Executing VM operation: GenCollectForAllocation
Event: 23.000 Executing VM operation: GenCollectForAllocation done
Event: 23.578 Executing VM operation: GenCollectForAllocation
Event: 23.580 Executing VM operation: GenCollectForAllocation done
Event: 24.332 Executing VM operation: GenCollectForAllocation
Event: 24.334 Executing VM operation: GenCollectForAllocation done
Event: 25.202 Executing VM operation: GenCollectForAllocation
Event: 25.204 Executing VM operation: GenCollectForAllocation done
Event: 25.947 Executing VM operation: GenCollectForAllocation
Event: 25.949 Executing VM operation: GenCollectForAllocation done


Dynamic libraries:
0x00290000 - 0x002c3000 	C:\Program Files\Java\jdk1.8.0_45\bin\java.exe
0x77610000 - 0x7774c000 	C:\Windows\SYSTEM32\ntdll.dll
0x76ee0000 - 0x76fb4000 	C:\Windows\system32\kernel32.dll
0x75830000 - 0x7587a000 	C:\Windows\system32\KERNELBASE.dll
0x77360000 - 0x77400000 	C:\Windows\system32\ADVAPI32.dll
0x76c70000 - 0x76d1c000 	C:\Windows\system32\msvcrt.dll
0x77790000 - 0x777a9000 	C:\Windows\SYSTEM32\sechost.dll
0x77400000 - 0x774a1000 	C:\Windows\system32\RPCRT4.dll
0x76fc0000 - 0x77089000 	C:\Windows\system32\USER32.dll
0x75b80000 - 0x75bce000 	C:\Windows\system32\GDI32.dll
0x76b30000 - 0x76b3a000 	C:\Windows\system32\LPK.dll
0x76bd0000 - 0x76c6d000 	C:\Windows\system32\USP10.dll
0x74710000 - 0x748ae000 	C:\Windows\WinSxS\x86_microsoft.windows.common-controls_6595b64144ccf1df_6.0.7601.17514_none_41e6975e2bd6f2b2\COMCTL32.dll
0x77230000 - 0x77287000 	C:\Windows\system32\SHLWAPI.dll
0x75d60000 - 0x75d7f000 	C:\Windows\system32\IMM32.DLL
0x77290000 - 0x7735c000 	C:\Windows\system32\MSCTF.dll
0x71c20000 - 0x71cdf000 	C:\Program Files\Java\jdk1.8.0_45\jre\bin\msvcr100.dll
0x69fd0000 - 0x6a390000 	C:\Program Files\Java\jdk1.8.0_45\jre\bin\client\jvm.dll
0x74d60000 - 0x74d67000 	C:\Windows\system32\WSOCK32.dll
0x75b40000 - 0x75b75000 	C:\Windows\system32\WS2_32.dll
0x75bd0000 - 0x75bd6000 	C:\Windows\system32\NSI.dll
0x740a0000 - 0x740d2000 	C:\Windows\system32\WINMM.dll
0x74d70000 - 0x74d79000 	C:\Windows\system32\VERSION.dll
0x77780000 - 0x77785000 	C:\Windows\system32\PSAPI.DLL
0x71bd0000 - 0x71bdc000 	C:\Program Files\Java\jdk1.8.0_45\jre\bin\verify.dll
0x69fa0000 - 0x69fc1000 	C:\Program Files\Java\jdk1.8.0_45\jre\bin\java.dll
0x69f80000 - 0x69f93000 	C:\Program Files\Java\jdk1.8.0_45\jre\bin\zip.dll
0x75ee0000 - 0x76b2a000 	C:\Windows\system32\SHELL32.dll
0x75d80000 - 0x75edc000 	C:\Windows\system32\ole32.dll
0x757b0000 - 0x757bb000 	C:\Windows\system32\profapi.dll
0x69e10000 - 0x69f55000 	C:\Program Files\Java\jdk1.8.0_45\jre\bin\awt.dll
0x75ab0000 - 0x75b3f000 	C:\Windows\system32\OLEAUT32.dll
0x74360000 - 0x743a0000 	C:\Windows\system32\uxtheme.dll
0x73e80000 - 0x73e93000 	C:\Windows\system32\dwmapi.dll
0x75730000 - 0x7573c000 	C:\Windows\system32\CRYPTBASE.dll
0x69dd0000 - 0x69e09000 	C:\Program Files\Java\jdk1.8.0_45\jre\bin\fontmanager.dll
0x689a0000 - 0x68b63000 	C:\Windows\system32\d3d9.dll
0x73b70000 - 0x73b76000 	C:\Windows\system32\d3d8thk.dll
0x67c10000 - 0x68373000 	C:\Windows\system32\nvd3dum.dll
0x743e0000 - 0x74405000 	C:\Windows\system32\powrprof.dll
0x77090000 - 0x7722d000 	C:\Windows\system32\SETUPAPI.dll
0x759a0000 - 0x759c7000 	C:\Windows\system32\CFGMGR32.dll
0x75a90000 - 0x75aa2000 	C:\Windows\system32\DEVOBJ.dll
0x69f60000 - 0x69f75000 	C:\Program Files\Java\jdk1.8.0_45\jre\bin\net.dll
0x75220000 - 0x7525c000 	C:\Windows\system32\mswsock.dll
0x75210000 - 0x75216000 	C:\Windows\System32\wship6.dll
0x72320000 - 0x7232f000 	C:\Program Files\Java\jdk1.8.0_45\jre\bin\nio.dll
0x69da0000 - 0x69dd0000 	C:\Program Files\Java\jdk1.8.0_45\jre\bin\t2k.dll
0x74cd0000 - 0x74d54000 	C:\Windows\WinSxS\x86_microsoft.windows.common-controls_6595b64144ccf1df_5.82.7601.17514_none_ec83dffa859149af\comctl32.dll
0x76b40000 - 0x76bc3000 	C:\Windows\system32\CLBCatQ.DLL
0x74490000 - 0x74585000 	C:\Windows\system32\propsys.dll
0x73fc0000 - 0x73fe1000 	C:\Windows\system32\ntmarta.dll
0x774b0000 - 0x774f5000 	C:\Windows\system32\WLDAP32.dll
0x756e0000 - 0x7572c000 	C:\Windows\system32\apphelp.dll
0x6e440000 - 0x6e5d8000 	C:\Windows\system32\NetworkExplorer.dll
0x6f640000 - 0x6f66e000 	C:\Windows\System32\shdocvw.dll
0x73de0000 - 0x73dea000 	C:\Windows\system32\slc.dll
0x71970000 - 0x71982000 	C:\Windows\system32\MPR.dll
0x71960000 - 0x71968000 	C:\Windows\System32\drprov.dll
0x74ed0000 - 0x74ef9000 	C:\Windows\System32\WINSTA.dll
0x71940000 - 0x71954000 	C:\Windows\System32\ntlanman.dll
0x71910000 - 0x71927000 	C:\Windows\System32\davclnt.dll
0x71900000 - 0x71908000 	C:\Windows\System32\DAVHLPR.dll
0x74d80000 - 0x74d8f000 	C:\Windows\system32\wkscli.dll
0x718f0000 - 0x718fb000 	C:\Windows\system32\cscapi.dll
0x74d90000 - 0x74d99000 	C:\Windows\system32\netutils.dll
0x68fb0000 - 0x691e8000 	C:\Windows\system32\wpdshext.dll
0x741d0000 - 0x74360000 	C:\Windows\WinSxS\x86_microsoft.windows.gdiplus_6595b64144ccf1df_1.1.7601.17514_none_72d18a4386696c80\gdiplus.dll
0x6b4f0000 - 0x6b579000 	C:\Windows\system32\PortableDeviceApi.dll
0x75a60000 - 0x75a8d000 	C:\Windows\system32\WINTRUST.dll
0x75880000 - 0x7599d000 	C:\Windows\system32\CRYPT32.dll
0x75820000 - 0x7582c000 	C:\Windows\system32\MSASN1.dll
0x73c00000 - 0x73c3f000 	C:\Windows\system32\audiodev.dll
0x68d40000 - 0x68fa7000 	C:\Windows\system32\WMVCore.DLL
0x73bc0000 - 0x73bfd000 	C:\Windows\system32\WMASF.DLL
0x6fb00000 - 0x6fb31000 	C:\Windows\system32\EhStorShell.dll
0x73b90000 - 0x73bb2000 	C:\Windows\system32\EhStorAPI.dll
0x6f630000 - 0x6f639000 	C:\Windows\system32\LINKINFO.dll
0x69d70000 - 0x69d94000 	C:\Program Files\Java\jdk1.8.0_45\jre\bin\dcpr.dll
0x71770000 - 0x7185b000 	C:\Windows\system32\dbghelp.dll

VM Arguments:
jvm_args: -Dfile.encoding=UTF-8 
java_command: codigo.VentanaDibujo
java_class_path (initial): D:\Proyectos Netbeans\Paint - Carlos Hernández\build\classes
Launcher Type: SUN_STANDARD

Environment Variables:
PATH=C:\ProgramData\Oracle\Java\javapath;C:\Windows\system32;C:\Windows;C:\Windows\System32\Wbem;C:\Windows\System32\WindowsPowerShell\v1.0\;C:\Program Files\Microsoft SQL Server\110\Tools\Binn\;C:\Program Files\Microsoft\Web Platform Installer\;C:\Program Files\MySQL\MySQL Fabric 1.5 & MySQL Utilities 1.5\;C:\Program Files\MySQL\MySQL Fabric 1.5 & MySQL Utilities 1.5\Doctrine extensions for PHP\
USERNAME=Administrator
OS=Windows_NT
PROCESSOR_IDENTIFIER=x86 Family 6 Model 23 Stepping 6, GenuineIntel



---------------  S Y S T E M  ---------------

OS: Windows 7 Build 7601 (6.1.7601.17514)

CPU:total 2 (2 cores per cpu, 1 threads per core) family 6 model 23 stepping 6, cmov, cx8, fxsr, mmx, sse, sse2, sse3, ssse3, sse4.1, tsc

Memory: 4k page, physical 2096508k(998512k free), swap 4193016k(2459408k free)

vm_info: Java HotSpot(TM) Client VM (25.45-b02) for windows-x86 JRE (1.8.0_45-b15), built on Apr 30 2015 12:31:00 by "java_re" with MS VC++ 10.0 (VS2010)

time: Wed Mar 02 16:59:45 2016
elapsed time: 25 seconds (0d 0h 0m 25s)

